[2026-02-09T23:49:37.233+0000] {local_task_job_runner.py:120} INFO - ::group::Pre task execution logs
[2026-02-09T23:49:37.285+0000] {taskinstance.py:2076} INFO - Dependencies all met for dep_context=non-requeueable deps ti=<TaskInstance: csv_to_postgres_etl.extract_transform_load manual__2026-02-09T23:49:35.925415+00:00 [queued]>
[2026-02-09T23:49:37.302+0000] {taskinstance.py:2076} INFO - Dependencies all met for dep_context=requeueable deps ti=<TaskInstance: csv_to_postgres_etl.extract_transform_load manual__2026-02-09T23:49:35.925415+00:00 [queued]>
[2026-02-09T23:49:37.303+0000] {taskinstance.py:2306} INFO - Starting attempt 1 of 1
[2026-02-09T23:49:37.330+0000] {taskinstance.py:2330} INFO - Executing <Task(PythonOperator): extract_transform_load> on 2026-02-09 23:49:35.925415+00:00
[2026-02-09T23:49:37.346+0000] {standard_task_runner.py:90} INFO - Running: ['***', 'tasks', 'run', 'csv_to_postgres_etl', 'extract_transform_load', 'manual__2026-02-09T23:49:35.925415+00:00', '--job-id', '12', '--raw', '--subdir', 'DAGS_FOLDER/csv_to_postgres.py', '--cfg-path', '/tmp/tmpf416l95o']
[2026-02-09T23:49:37.351+0000] {logging_mixin.py:188} WARNING - /home/***/.local/lib/python3.12/site-packages/***/task/task_runner/standard_task_runner.py:61 DeprecationWarning: This process (pid=217) is multi-threaded, use of fork() may lead to deadlocks in the child.
[2026-02-09T23:49:37.353+0000] {standard_task_runner.py:91} INFO - Job 12: Subtask extract_transform_load
[2026-02-09T23:49:37.354+0000] {standard_task_runner.py:63} INFO - Started process 219 to run task
[2026-02-09T23:49:37.480+0000] {task_command.py:426} INFO - Running <TaskInstance: csv_to_postgres_etl.extract_transform_load manual__2026-02-09T23:49:35.925415+00:00 [running]> on host 4cf097e17df0
[2026-02-09T23:49:37.608+0000] {taskinstance.py:2648} INFO - Exporting env vars: AIRFLOW_CTX_DAG_OWNER='***' AIRFLOW_CTX_DAG_ID='csv_to_postgres_etl' AIRFLOW_CTX_TASK_ID='extract_transform_load' AIRFLOW_CTX_EXECUTION_DATE='2026-02-09T23:49:35.925415+00:00' AIRFLOW_CTX_TRY_NUMBER='1' AIRFLOW_CTX_DAG_RUN_ID='manual__2026-02-09T23:49:35.925415+00:00'
[2026-02-09T23:49:37.614+0000] {taskinstance.py:430} INFO - ::endgroup::
[2026-02-09T23:49:37.637+0000] {taskinstance.py:441} INFO - ::group::Post task execution logs
[2026-02-09T23:49:37.639+0000] {taskinstance.py:2905} ERROR - Task failed with exception
Traceback (most recent call last):
  File "/home/airflow/.local/lib/python3.12/site-packages/airflow/models/taskinstance.py", line 465, in _execute_task
    result = _execute_callable(context=context, **execute_callable_kwargs)
             ^^^^^^^^^^^^^^^^^^^^^^^^^^^^^^^^^^^^^^^^^^^^^^^^^^^^^^^^^^^^^
  File "/home/airflow/.local/lib/python3.12/site-packages/airflow/models/taskinstance.py", line 432, in _execute_callable
    return execute_callable(context=context, **execute_callable_kwargs)
           ^^^^^^^^^^^^^^^^^^^^^^^^^^^^^^^^^^^^^^^^^^^^^^^^^^^^^^^^^^^^
  File "/home/airflow/.local/lib/python3.12/site-packages/airflow/models/baseoperator.py", line 401, in wrapper
    return func(self, *args, **kwargs)
           ^^^^^^^^^^^^^^^^^^^^^^^^^^^
  File "/home/airflow/.local/lib/python3.12/site-packages/airflow/operators/python.py", line 235, in execute
    return_value = self.execute_callable()
                   ^^^^^^^^^^^^^^^^^^^^^^^
  File "/home/airflow/.local/lib/python3.12/site-packages/airflow/operators/python.py", line 252, in execute_callable
    return self.python_callable(*self.op_args, **self.op_kwargs)
           ^^^^^^^^^^^^^^^^^^^^^^^^^^^^^^^^^^^^^^^^^^^^^^^^^^^^^
  File "/opt/airflow/dags/csv_to_postgres.py", line 14, in extract_transform_load
    df = pd.read_csv(CSV_PATH)
         ^^^^^^^^^^^^^^^^^^^^^
  File "/home/airflow/.local/lib/python3.12/site-packages/pandas/io/parsers/readers.py", line 948, in read_csv
    return _read(filepath_or_buffer, kwds)
           ^^^^^^^^^^^^^^^^^^^^^^^^^^^^^^^
  File "/home/airflow/.local/lib/python3.12/site-packages/pandas/io/parsers/readers.py", line 611, in _read
    parser = TextFileReader(filepath_or_buffer, **kwds)
             ^^^^^^^^^^^^^^^^^^^^^^^^^^^^^^^^^^^^^^^^^^
  File "/home/airflow/.local/lib/python3.12/site-packages/pandas/io/parsers/readers.py", line 1448, in __init__
    self._engine = self._make_engine(f, self.engine)
                   ^^^^^^^^^^^^^^^^^^^^^^^^^^^^^^^^^
  File "/home/airflow/.local/lib/python3.12/site-packages/pandas/io/parsers/readers.py", line 1705, in _make_engine
    self.handles = get_handle(
                   ^^^^^^^^^^^
  File "/home/airflow/.local/lib/python3.12/site-packages/pandas/io/common.py", line 863, in get_handle
    handle = open(
             ^^^^^
FileNotFoundError: [Errno 2] No such file or directory: '/opt/airflow/data/your_dataset.csv'
[2026-02-09T23:49:37.664+0000] {taskinstance.py:1206} INFO - Marking task as FAILED. dag_id=csv_to_postgres_etl, task_id=extract_transform_load, run_id=manual__2026-02-09T23:49:35.925415+00:00, execution_date=20260209T234935, start_date=20260209T234937, end_date=20260209T234937
[2026-02-09T23:49:37.922+0000] {standard_task_runner.py:110} ERROR - Failed to execute job 12 for task extract_transform_load ([Errno 2] No such file or directory: '/opt/airflow/data/your_dataset.csv'; 219)
[2026-02-09T23:49:37.973+0000] {local_task_job_runner.py:240} INFO - Task exited with return code 1
[2026-02-09T23:49:37.996+0000] {taskinstance.py:3503} INFO - 0 downstream tasks scheduled from follow-on schedule check
[2026-02-09T23:49:38.002+0000] {local_task_job_runner.py:222} INFO - ::endgroup::
