[2026-02-09T23:10:34.336+0000] {processor.py:161} INFO - Started process (PID=172) to work on /opt/airflow/dags/csv_to_postgres.py
[2026-02-09T23:10:34.339+0000] {processor.py:830} INFO - Processing file /opt/airflow/dags/csv_to_postgres.py for tasks to queue
[2026-02-09T23:10:34.348+0000] {logging_mixin.py:188} INFO - [2026-02-09T23:10:34.347+0000] {dagbag.py:545} INFO - Filling up the DagBag from /opt/airflow/dags/csv_to_postgres.py
[2026-02-09T23:10:36.335+0000] {processor.py:840} INFO - DAG(s) 'csv_to_postgres_etl' retrieved from /opt/airflow/dags/csv_to_postgres.py
[2026-02-09T23:10:36.979+0000] {logging_mixin.py:188} INFO - [2026-02-09T23:10:36.978+0000] {override.py:1829} INFO - Created Permission View: can read on DAG:csv_to_postgres_etl
[2026-02-09T23:10:37.004+0000] {logging_mixin.py:188} INFO - [2026-02-09T23:10:37.003+0000] {override.py:1829} INFO - Created Permission View: can edit on DAG:csv_to_postgres_etl
[2026-02-09T23:10:37.022+0000] {logging_mixin.py:188} INFO - [2026-02-09T23:10:37.022+0000] {override.py:1829} INFO - Created Permission View: can delete on DAG:csv_to_postgres_etl
[2026-02-09T23:10:37.025+0000] {logging_mixin.py:188} INFO - [2026-02-09T23:10:37.024+0000] {dag.py:3096} INFO - Sync 1 DAGs
[2026-02-09T23:10:37.052+0000] {logging_mixin.py:188} INFO - [2026-02-09T23:10:37.052+0000] {dag.py:3118} INFO - Creating ORM DAG for csv_to_postgres_etl
[2026-02-09T23:10:37.054+0000] {logging_mixin.py:188} INFO - [2026-02-09T23:10:37.054+0000] {dag.py:3954} INFO - Setting next_dagrun for csv_to_postgres_etl to None, run_after=None
[2026-02-09T23:10:37.098+0000] {processor.py:183} INFO - Processing /opt/airflow/dags/csv_to_postgres.py took 2.778 seconds
[2026-02-09T23:11:07.702+0000] {processor.py:161} INFO - Started process (PID=178) to work on /opt/airflow/dags/csv_to_postgres.py
[2026-02-09T23:11:07.706+0000] {processor.py:830} INFO - Processing file /opt/airflow/dags/csv_to_postgres.py for tasks to queue
[2026-02-09T23:11:07.710+0000] {logging_mixin.py:188} INFO - [2026-02-09T23:11:07.710+0000] {dagbag.py:545} INFO - Filling up the DagBag from /opt/airflow/dags/csv_to_postgres.py
[2026-02-09T23:11:08.223+0000] {processor.py:840} INFO - DAG(s) 'csv_to_postgres_etl' retrieved from /opt/airflow/dags/csv_to_postgres.py
[2026-02-09T23:11:08.273+0000] {logging_mixin.py:188} INFO - [2026-02-09T23:11:08.272+0000] {dag.py:3096} INFO - Sync 1 DAGs
[2026-02-09T23:11:08.297+0000] {logging_mixin.py:188} INFO - [2026-02-09T23:11:08.297+0000] {dag.py:3954} INFO - Setting next_dagrun for csv_to_postgres_etl to None, run_after=None
[2026-02-09T23:11:08.345+0000] {processor.py:183} INFO - Processing /opt/airflow/dags/csv_to_postgres.py took 0.665 seconds
[2026-02-09T23:11:38.955+0000] {processor.py:161} INFO - Started process (PID=184) to work on /opt/airflow/dags/csv_to_postgres.py
[2026-02-09T23:11:38.958+0000] {processor.py:830} INFO - Processing file /opt/airflow/dags/csv_to_postgres.py for tasks to queue
[2026-02-09T23:11:38.965+0000] {logging_mixin.py:188} INFO - [2026-02-09T23:11:38.963+0000] {dagbag.py:545} INFO - Filling up the DagBag from /opt/airflow/dags/csv_to_postgres.py
[2026-02-09T23:11:39.986+0000] {processor.py:840} INFO - DAG(s) 'csv_to_postgres_etl' retrieved from /opt/airflow/dags/csv_to_postgres.py
[2026-02-09T23:11:40.080+0000] {logging_mixin.py:188} INFO - [2026-02-09T23:11:40.079+0000] {dag.py:3096} INFO - Sync 1 DAGs
[2026-02-09T23:11:40.110+0000] {logging_mixin.py:188} INFO - [2026-02-09T23:11:40.110+0000] {dag.py:3954} INFO - Setting next_dagrun for csv_to_postgres_etl to None, run_after=None
[2026-02-09T23:11:40.164+0000] {processor.py:183} INFO - Processing /opt/airflow/dags/csv_to_postgres.py took 1.229 seconds
[2026-02-09T23:12:10.610+0000] {processor.py:161} INFO - Started process (PID=190) to work on /opt/airflow/dags/csv_to_postgres.py
[2026-02-09T23:12:10.612+0000] {processor.py:830} INFO - Processing file /opt/airflow/dags/csv_to_postgres.py for tasks to queue
[2026-02-09T23:12:10.618+0000] {logging_mixin.py:188} INFO - [2026-02-09T23:12:10.617+0000] {dagbag.py:545} INFO - Filling up the DagBag from /opt/airflow/dags/csv_to_postgres.py
[2026-02-09T23:12:11.223+0000] {processor.py:840} INFO - DAG(s) 'csv_to_postgres_etl' retrieved from /opt/airflow/dags/csv_to_postgres.py
[2026-02-09T23:12:11.254+0000] {logging_mixin.py:188} INFO - [2026-02-09T23:12:11.254+0000] {dag.py:3096} INFO - Sync 1 DAGs
[2026-02-09T23:12:11.268+0000] {logging_mixin.py:188} INFO - [2026-02-09T23:12:11.268+0000] {dag.py:3954} INFO - Setting next_dagrun for csv_to_postgres_etl to None, run_after=None
[2026-02-09T23:12:11.293+0000] {processor.py:183} INFO - Processing /opt/airflow/dags/csv_to_postgres.py took 0.696 seconds
[2026-02-09T23:12:41.744+0000] {processor.py:161} INFO - Started process (PID=196) to work on /opt/airflow/dags/csv_to_postgres.py
[2026-02-09T23:12:41.746+0000] {processor.py:830} INFO - Processing file /opt/airflow/dags/csv_to_postgres.py for tasks to queue
[2026-02-09T23:12:41.749+0000] {logging_mixin.py:188} INFO - [2026-02-09T23:12:41.749+0000] {dagbag.py:545} INFO - Filling up the DagBag from /opt/airflow/dags/csv_to_postgres.py
[2026-02-09T23:12:42.406+0000] {processor.py:840} INFO - DAG(s) 'csv_to_postgres_etl' retrieved from /opt/airflow/dags/csv_to_postgres.py
[2026-02-09T23:12:42.473+0000] {logging_mixin.py:188} INFO - [2026-02-09T23:12:42.472+0000] {dag.py:3096} INFO - Sync 1 DAGs
[2026-02-09T23:12:42.496+0000] {logging_mixin.py:188} INFO - [2026-02-09T23:12:42.496+0000] {dag.py:3954} INFO - Setting next_dagrun for csv_to_postgres_etl to None, run_after=None
[2026-02-09T23:12:42.535+0000] {processor.py:183} INFO - Processing /opt/airflow/dags/csv_to_postgres.py took 0.801 seconds
[2026-02-09T23:13:13.027+0000] {processor.py:161} INFO - Started process (PID=202) to work on /opt/airflow/dags/csv_to_postgres.py
[2026-02-09T23:13:13.029+0000] {processor.py:830} INFO - Processing file /opt/airflow/dags/csv_to_postgres.py for tasks to queue
[2026-02-09T23:13:13.034+0000] {logging_mixin.py:188} INFO - [2026-02-09T23:13:13.033+0000] {dagbag.py:545} INFO - Filling up the DagBag from /opt/airflow/dags/csv_to_postgres.py
[2026-02-09T23:13:13.555+0000] {processor.py:840} INFO - DAG(s) 'csv_to_postgres_etl' retrieved from /opt/airflow/dags/csv_to_postgres.py
[2026-02-09T23:13:13.624+0000] {logging_mixin.py:188} INFO - [2026-02-09T23:13:13.623+0000] {dag.py:3096} INFO - Sync 1 DAGs
[2026-02-09T23:13:13.654+0000] {logging_mixin.py:188} INFO - [2026-02-09T23:13:13.654+0000] {dag.py:3954} INFO - Setting next_dagrun for csv_to_postgres_etl to None, run_after=None
[2026-02-09T23:13:13.715+0000] {processor.py:183} INFO - Processing /opt/airflow/dags/csv_to_postgres.py took 0.702 seconds
[2026-02-09T23:13:44.204+0000] {processor.py:161} INFO - Started process (PID=208) to work on /opt/airflow/dags/csv_to_postgres.py
[2026-02-09T23:13:44.207+0000] {processor.py:830} INFO - Processing file /opt/airflow/dags/csv_to_postgres.py for tasks to queue
[2026-02-09T23:13:44.213+0000] {logging_mixin.py:188} INFO - [2026-02-09T23:13:44.213+0000] {dagbag.py:545} INFO - Filling up the DagBag from /opt/airflow/dags/csv_to_postgres.py
[2026-02-09T23:13:44.704+0000] {processor.py:840} INFO - DAG(s) 'csv_to_postgres_etl' retrieved from /opt/airflow/dags/csv_to_postgres.py
[2026-02-09T23:13:44.830+0000] {logging_mixin.py:188} INFO - [2026-02-09T23:13:44.829+0000] {dag.py:3096} INFO - Sync 1 DAGs
[2026-02-09T23:13:44.868+0000] {logging_mixin.py:188} INFO - [2026-02-09T23:13:44.867+0000] {dag.py:3954} INFO - Setting next_dagrun for csv_to_postgres_etl to None, run_after=None
[2026-02-09T23:13:44.895+0000] {processor.py:183} INFO - Processing /opt/airflow/dags/csv_to_postgres.py took 0.706 seconds
[2026-02-09T23:14:15.571+0000] {processor.py:161} INFO - Started process (PID=214) to work on /opt/airflow/dags/csv_to_postgres.py
[2026-02-09T23:14:15.574+0000] {processor.py:830} INFO - Processing file /opt/airflow/dags/csv_to_postgres.py for tasks to queue
[2026-02-09T23:14:15.581+0000] {logging_mixin.py:188} INFO - [2026-02-09T23:14:15.580+0000] {dagbag.py:545} INFO - Filling up the DagBag from /opt/airflow/dags/csv_to_postgres.py
[2026-02-09T23:14:16.132+0000] {processor.py:840} INFO - DAG(s) 'csv_to_postgres_etl' retrieved from /opt/airflow/dags/csv_to_postgres.py
[2026-02-09T23:14:16.168+0000] {logging_mixin.py:188} INFO - [2026-02-09T23:14:16.168+0000] {dag.py:3096} INFO - Sync 1 DAGs
[2026-02-09T23:14:16.188+0000] {logging_mixin.py:188} INFO - [2026-02-09T23:14:16.188+0000] {dag.py:3954} INFO - Setting next_dagrun for csv_to_postgres_etl to None, run_after=None
[2026-02-09T23:14:16.240+0000] {processor.py:183} INFO - Processing /opt/airflow/dags/csv_to_postgres.py took 0.686 seconds
[2026-02-09T23:14:47.038+0000] {processor.py:161} INFO - Started process (PID=220) to work on /opt/airflow/dags/csv_to_postgres.py
[2026-02-09T23:14:47.041+0000] {processor.py:830} INFO - Processing file /opt/airflow/dags/csv_to_postgres.py for tasks to queue
[2026-02-09T23:14:47.047+0000] {logging_mixin.py:188} INFO - [2026-02-09T23:14:47.046+0000] {dagbag.py:545} INFO - Filling up the DagBag from /opt/airflow/dags/csv_to_postgres.py
[2026-02-09T23:14:47.416+0000] {processor.py:840} INFO - DAG(s) 'csv_to_postgres_etl' retrieved from /opt/airflow/dags/csv_to_postgres.py
[2026-02-09T23:14:47.477+0000] {logging_mixin.py:188} INFO - [2026-02-09T23:14:47.477+0000] {dag.py:3096} INFO - Sync 1 DAGs
[2026-02-09T23:14:47.498+0000] {logging_mixin.py:188} INFO - [2026-02-09T23:14:47.497+0000] {dag.py:3954} INFO - Setting next_dagrun for csv_to_postgres_etl to None, run_after=None
[2026-02-09T23:14:47.541+0000] {processor.py:183} INFO - Processing /opt/airflow/dags/csv_to_postgres.py took 0.515 seconds
[2026-02-09T23:15:18.041+0000] {processor.py:161} INFO - Started process (PID=226) to work on /opt/airflow/dags/csv_to_postgres.py
[2026-02-09T23:15:18.045+0000] {processor.py:830} INFO - Processing file /opt/airflow/dags/csv_to_postgres.py for tasks to queue
[2026-02-09T23:15:18.052+0000] {logging_mixin.py:188} INFO - [2026-02-09T23:15:18.051+0000] {dagbag.py:545} INFO - Filling up the DagBag from /opt/airflow/dags/csv_to_postgres.py
[2026-02-09T23:15:18.632+0000] {processor.py:840} INFO - DAG(s) 'csv_to_postgres_etl' retrieved from /opt/airflow/dags/csv_to_postgres.py
[2026-02-09T23:15:18.732+0000] {logging_mixin.py:188} INFO - [2026-02-09T23:15:18.730+0000] {dag.py:3096} INFO - Sync 1 DAGs
[2026-02-09T23:15:18.776+0000] {logging_mixin.py:188} INFO - [2026-02-09T23:15:18.776+0000] {dag.py:3954} INFO - Setting next_dagrun for csv_to_postgres_etl to None, run_after=None
[2026-02-09T23:15:18.831+0000] {processor.py:183} INFO - Processing /opt/airflow/dags/csv_to_postgres.py took 0.812 seconds
[2026-02-09T23:15:49.249+0000] {processor.py:161} INFO - Started process (PID=232) to work on /opt/airflow/dags/csv_to_postgres.py
[2026-02-09T23:15:49.251+0000] {processor.py:830} INFO - Processing file /opt/airflow/dags/csv_to_postgres.py for tasks to queue
[2026-02-09T23:15:49.254+0000] {logging_mixin.py:188} INFO - [2026-02-09T23:15:49.254+0000] {dagbag.py:545} INFO - Filling up the DagBag from /opt/airflow/dags/csv_to_postgres.py
[2026-02-09T23:15:49.698+0000] {processor.py:840} INFO - DAG(s) 'csv_to_postgres_etl' retrieved from /opt/airflow/dags/csv_to_postgres.py
[2026-02-09T23:15:49.756+0000] {logging_mixin.py:188} INFO - [2026-02-09T23:15:49.756+0000] {dag.py:3096} INFO - Sync 1 DAGs
[2026-02-09T23:15:49.774+0000] {logging_mixin.py:188} INFO - [2026-02-09T23:15:49.774+0000] {dag.py:3954} INFO - Setting next_dagrun for csv_to_postgres_etl to None, run_after=None
[2026-02-09T23:15:49.797+0000] {processor.py:183} INFO - Processing /opt/airflow/dags/csv_to_postgres.py took 0.558 seconds
[2026-02-09T23:16:20.238+0000] {processor.py:161} INFO - Started process (PID=238) to work on /opt/airflow/dags/csv_to_postgres.py
[2026-02-09T23:16:20.241+0000] {processor.py:830} INFO - Processing file /opt/airflow/dags/csv_to_postgres.py for tasks to queue
[2026-02-09T23:16:20.248+0000] {logging_mixin.py:188} INFO - [2026-02-09T23:16:20.246+0000] {dagbag.py:545} INFO - Filling up the DagBag from /opt/airflow/dags/csv_to_postgres.py
[2026-02-09T23:16:20.962+0000] {processor.py:840} INFO - DAG(s) 'csv_to_postgres_etl' retrieved from /opt/airflow/dags/csv_to_postgres.py
[2026-02-09T23:16:21.031+0000] {logging_mixin.py:188} INFO - [2026-02-09T23:16:21.030+0000] {dag.py:3096} INFO - Sync 1 DAGs
[2026-02-09T23:16:21.059+0000] {logging_mixin.py:188} INFO - [2026-02-09T23:16:21.058+0000] {dag.py:3954} INFO - Setting next_dagrun for csv_to_postgres_etl to None, run_after=None
[2026-02-09T23:16:21.122+0000] {processor.py:183} INFO - Processing /opt/airflow/dags/csv_to_postgres.py took 0.896 seconds
[2026-02-09T23:16:51.706+0000] {processor.py:161} INFO - Started process (PID=244) to work on /opt/airflow/dags/csv_to_postgres.py
[2026-02-09T23:16:51.713+0000] {processor.py:830} INFO - Processing file /opt/airflow/dags/csv_to_postgres.py for tasks to queue
[2026-02-09T23:16:51.722+0000] {logging_mixin.py:188} INFO - [2026-02-09T23:16:51.721+0000] {dagbag.py:545} INFO - Filling up the DagBag from /opt/airflow/dags/csv_to_postgres.py
[2026-02-09T23:16:52.547+0000] {processor.py:840} INFO - DAG(s) 'csv_to_postgres_etl' retrieved from /opt/airflow/dags/csv_to_postgres.py
[2026-02-09T23:16:52.639+0000] {logging_mixin.py:188} INFO - [2026-02-09T23:16:52.638+0000] {dag.py:3096} INFO - Sync 1 DAGs
[2026-02-09T23:16:52.676+0000] {logging_mixin.py:188} INFO - [2026-02-09T23:16:52.675+0000] {dag.py:3954} INFO - Setting next_dagrun for csv_to_postgres_etl to None, run_after=None
[2026-02-09T23:16:52.730+0000] {processor.py:183} INFO - Processing /opt/airflow/dags/csv_to_postgres.py took 1.043 seconds
[2026-02-09T23:17:23.502+0000] {processor.py:161} INFO - Started process (PID=250) to work on /opt/airflow/dags/csv_to_postgres.py
[2026-02-09T23:17:23.506+0000] {processor.py:830} INFO - Processing file /opt/airflow/dags/csv_to_postgres.py for tasks to queue
[2026-02-09T23:17:23.509+0000] {logging_mixin.py:188} INFO - [2026-02-09T23:17:23.508+0000] {dagbag.py:545} INFO - Filling up the DagBag from /opt/airflow/dags/csv_to_postgres.py
[2026-02-09T23:17:23.983+0000] {processor.py:840} INFO - DAG(s) 'csv_to_postgres_etl' retrieved from /opt/airflow/dags/csv_to_postgres.py
[2026-02-09T23:17:24.071+0000] {logging_mixin.py:188} INFO - [2026-02-09T23:17:24.070+0000] {dag.py:3096} INFO - Sync 1 DAGs
[2026-02-09T23:17:24.087+0000] {logging_mixin.py:188} INFO - [2026-02-09T23:17:24.086+0000] {dag.py:3954} INFO - Setting next_dagrun for csv_to_postgres_etl to None, run_after=None
[2026-02-09T23:17:24.118+0000] {processor.py:183} INFO - Processing /opt/airflow/dags/csv_to_postgres.py took 0.627 seconds
[2026-02-09T23:17:54.812+0000] {processor.py:161} INFO - Started process (PID=256) to work on /opt/airflow/dags/csv_to_postgres.py
[2026-02-09T23:17:54.816+0000] {processor.py:830} INFO - Processing file /opt/airflow/dags/csv_to_postgres.py for tasks to queue
[2026-02-09T23:17:54.822+0000] {logging_mixin.py:188} INFO - [2026-02-09T23:17:54.821+0000] {dagbag.py:545} INFO - Filling up the DagBag from /opt/airflow/dags/csv_to_postgres.py
[2026-02-09T23:17:55.408+0000] {processor.py:840} INFO - DAG(s) 'csv_to_postgres_etl' retrieved from /opt/airflow/dags/csv_to_postgres.py
[2026-02-09T23:17:55.457+0000] {logging_mixin.py:188} INFO - [2026-02-09T23:17:55.457+0000] {dag.py:3096} INFO - Sync 1 DAGs
[2026-02-09T23:17:55.475+0000] {logging_mixin.py:188} INFO - [2026-02-09T23:17:55.474+0000] {dag.py:3954} INFO - Setting next_dagrun for csv_to_postgres_etl to None, run_after=None
[2026-02-09T23:17:55.519+0000] {processor.py:183} INFO - Processing /opt/airflow/dags/csv_to_postgres.py took 0.724 seconds
[2026-02-09T23:18:26.225+0000] {processor.py:161} INFO - Started process (PID=262) to work on /opt/airflow/dags/csv_to_postgres.py
[2026-02-09T23:18:26.228+0000] {processor.py:830} INFO - Processing file /opt/airflow/dags/csv_to_postgres.py for tasks to queue
[2026-02-09T23:18:26.234+0000] {logging_mixin.py:188} INFO - [2026-02-09T23:18:26.233+0000] {dagbag.py:545} INFO - Filling up the DagBag from /opt/airflow/dags/csv_to_postgres.py
[2026-02-09T23:18:26.650+0000] {processor.py:840} INFO - DAG(s) 'csv_to_postgres_etl' retrieved from /opt/airflow/dags/csv_to_postgres.py
[2026-02-09T23:18:26.690+0000] {logging_mixin.py:188} INFO - [2026-02-09T23:18:26.690+0000] {dag.py:3096} INFO - Sync 1 DAGs
[2026-02-09T23:18:26.710+0000] {logging_mixin.py:188} INFO - [2026-02-09T23:18:26.710+0000] {dag.py:3954} INFO - Setting next_dagrun for csv_to_postgres_etl to None, run_after=None
[2026-02-09T23:18:27.244+0000] {processor.py:183} INFO - Processing /opt/airflow/dags/csv_to_postgres.py took 1.039 seconds
[2026-02-09T23:18:57.703+0000] {processor.py:161} INFO - Started process (PID=268) to work on /opt/airflow/dags/csv_to_postgres.py
[2026-02-09T23:18:57.706+0000] {processor.py:830} INFO - Processing file /opt/airflow/dags/csv_to_postgres.py for tasks to queue
[2026-02-09T23:18:57.714+0000] {logging_mixin.py:188} INFO - [2026-02-09T23:18:57.712+0000] {dagbag.py:545} INFO - Filling up the DagBag from /opt/airflow/dags/csv_to_postgres.py
[2026-02-09T23:18:58.626+0000] {processor.py:840} INFO - DAG(s) 'csv_to_postgres_etl' retrieved from /opt/airflow/dags/csv_to_postgres.py
[2026-02-09T23:18:58.669+0000] {logging_mixin.py:188} INFO - [2026-02-09T23:18:58.668+0000] {dag.py:3096} INFO - Sync 1 DAGs
[2026-02-09T23:18:58.711+0000] {logging_mixin.py:188} INFO - [2026-02-09T23:18:58.710+0000] {dag.py:3954} INFO - Setting next_dagrun for csv_to_postgres_etl to None, run_after=None
[2026-02-09T23:18:58.792+0000] {processor.py:183} INFO - Processing /opt/airflow/dags/csv_to_postgres.py took 1.109 seconds
[2026-02-09T23:19:29.259+0000] {processor.py:161} INFO - Started process (PID=274) to work on /opt/airflow/dags/csv_to_postgres.py
[2026-02-09T23:19:29.260+0000] {processor.py:830} INFO - Processing file /opt/airflow/dags/csv_to_postgres.py for tasks to queue
[2026-02-09T23:19:29.263+0000] {logging_mixin.py:188} INFO - [2026-02-09T23:19:29.262+0000] {dagbag.py:545} INFO - Filling up the DagBag from /opt/airflow/dags/csv_to_postgres.py
[2026-02-09T23:19:29.783+0000] {processor.py:840} INFO - DAG(s) 'csv_to_postgres_etl' retrieved from /opt/airflow/dags/csv_to_postgres.py
[2026-02-09T23:19:29.801+0000] {logging_mixin.py:188} INFO - [2026-02-09T23:19:29.800+0000] {dag.py:3096} INFO - Sync 1 DAGs
[2026-02-09T23:19:29.819+0000] {logging_mixin.py:188} INFO - [2026-02-09T23:19:29.818+0000] {dag.py:3954} INFO - Setting next_dagrun for csv_to_postgres_etl to None, run_after=None
[2026-02-09T23:19:29.847+0000] {processor.py:183} INFO - Processing /opt/airflow/dags/csv_to_postgres.py took 0.605 seconds
[2026-02-09T23:20:00.553+0000] {processor.py:161} INFO - Started process (PID=280) to work on /opt/airflow/dags/csv_to_postgres.py
[2026-02-09T23:20:00.558+0000] {processor.py:830} INFO - Processing file /opt/airflow/dags/csv_to_postgres.py for tasks to queue
[2026-02-09T23:20:00.563+0000] {logging_mixin.py:188} INFO - [2026-02-09T23:20:00.562+0000] {dagbag.py:545} INFO - Filling up the DagBag from /opt/airflow/dags/csv_to_postgres.py
[2026-02-09T23:20:01.740+0000] {processor.py:840} INFO - DAG(s) 'csv_to_postgres_etl' retrieved from /opt/airflow/dags/csv_to_postgres.py
[2026-02-09T23:20:01.784+0000] {logging_mixin.py:188} INFO - [2026-02-09T23:20:01.782+0000] {dag.py:3096} INFO - Sync 1 DAGs
[2026-02-09T23:20:01.822+0000] {logging_mixin.py:188} INFO - [2026-02-09T23:20:01.822+0000] {dag.py:3954} INFO - Setting next_dagrun for csv_to_postgres_etl to None, run_after=None
[2026-02-09T23:20:01.926+0000] {processor.py:183} INFO - Processing /opt/airflow/dags/csv_to_postgres.py took 1.404 seconds
[2026-02-09T23:20:32.300+0000] {processor.py:161} INFO - Started process (PID=286) to work on /opt/airflow/dags/csv_to_postgres.py
[2026-02-09T23:20:32.302+0000] {processor.py:830} INFO - Processing file /opt/airflow/dags/csv_to_postgres.py for tasks to queue
[2026-02-09T23:20:32.306+0000] {logging_mixin.py:188} INFO - [2026-02-09T23:20:32.305+0000] {dagbag.py:545} INFO - Filling up the DagBag from /opt/airflow/dags/csv_to_postgres.py
[2026-02-09T23:20:32.814+0000] {processor.py:840} INFO - DAG(s) 'csv_to_postgres_etl' retrieved from /opt/airflow/dags/csv_to_postgres.py
[2026-02-09T23:20:33.289+0000] {logging_mixin.py:188} INFO - [2026-02-09T23:20:33.288+0000] {dag.py:3096} INFO - Sync 1 DAGs
[2026-02-09T23:20:33.303+0000] {logging_mixin.py:188} INFO - [2026-02-09T23:20:33.303+0000] {dag.py:3954} INFO - Setting next_dagrun for csv_to_postgres_etl to None, run_after=None
[2026-02-09T23:20:33.355+0000] {processor.py:183} INFO - Processing /opt/airflow/dags/csv_to_postgres.py took 1.072 seconds
[2026-02-09T23:21:04.069+0000] {processor.py:161} INFO - Started process (PID=292) to work on /opt/airflow/dags/csv_to_postgres.py
[2026-02-09T23:21:04.071+0000] {processor.py:830} INFO - Processing file /opt/airflow/dags/csv_to_postgres.py for tasks to queue
[2026-02-09T23:21:04.076+0000] {logging_mixin.py:188} INFO - [2026-02-09T23:21:04.075+0000] {dagbag.py:545} INFO - Filling up the DagBag from /opt/airflow/dags/csv_to_postgres.py
[2026-02-09T23:21:04.610+0000] {processor.py:840} INFO - DAG(s) 'csv_to_postgres_etl' retrieved from /opt/airflow/dags/csv_to_postgres.py
[2026-02-09T23:21:04.699+0000] {logging_mixin.py:188} INFO - [2026-02-09T23:21:04.698+0000] {dag.py:3096} INFO - Sync 1 DAGs
[2026-02-09T23:21:04.752+0000] {logging_mixin.py:188} INFO - [2026-02-09T23:21:04.751+0000] {dag.py:3954} INFO - Setting next_dagrun for csv_to_postgres_etl to None, run_after=None
[2026-02-09T23:21:04.829+0000] {processor.py:183} INFO - Processing /opt/airflow/dags/csv_to_postgres.py took 0.771 seconds
[2026-02-09T23:21:35.210+0000] {processor.py:161} INFO - Started process (PID=298) to work on /opt/airflow/dags/csv_to_postgres.py
[2026-02-09T23:21:35.212+0000] {processor.py:830} INFO - Processing file /opt/airflow/dags/csv_to_postgres.py for tasks to queue
[2026-02-09T23:21:35.215+0000] {logging_mixin.py:188} INFO - [2026-02-09T23:21:35.214+0000] {dagbag.py:545} INFO - Filling up the DagBag from /opt/airflow/dags/csv_to_postgres.py
[2026-02-09T23:21:35.613+0000] {processor.py:840} INFO - DAG(s) 'csv_to_postgres_etl' retrieved from /opt/airflow/dags/csv_to_postgres.py
[2026-02-09T23:21:35.647+0000] {logging_mixin.py:188} INFO - [2026-02-09T23:21:35.647+0000] {dag.py:3096} INFO - Sync 1 DAGs
[2026-02-09T23:21:35.660+0000] {logging_mixin.py:188} INFO - [2026-02-09T23:21:35.660+0000] {dag.py:3954} INFO - Setting next_dagrun for csv_to_postgres_etl to None, run_after=None
[2026-02-09T23:21:35.686+0000] {processor.py:183} INFO - Processing /opt/airflow/dags/csv_to_postgres.py took 0.483 seconds
[2026-02-09T23:22:06.222+0000] {processor.py:161} INFO - Started process (PID=304) to work on /opt/airflow/dags/csv_to_postgres.py
[2026-02-09T23:22:06.226+0000] {processor.py:830} INFO - Processing file /opt/airflow/dags/csv_to_postgres.py for tasks to queue
[2026-02-09T23:22:06.234+0000] {logging_mixin.py:188} INFO - [2026-02-09T23:22:06.233+0000] {dagbag.py:545} INFO - Filling up the DagBag from /opt/airflow/dags/csv_to_postgres.py
[2026-02-09T23:22:06.658+0000] {processor.py:840} INFO - DAG(s) 'csv_to_postgres_etl' retrieved from /opt/airflow/dags/csv_to_postgres.py
[2026-02-09T23:22:06.743+0000] {logging_mixin.py:188} INFO - [2026-02-09T23:22:06.742+0000] {dag.py:3096} INFO - Sync 1 DAGs
[2026-02-09T23:22:07.023+0000] {logging_mixin.py:188} INFO - [2026-02-09T23:22:07.022+0000] {dag.py:3954} INFO - Setting next_dagrun for csv_to_postgres_etl to None, run_after=None
[2026-02-09T23:22:07.049+0000] {processor.py:183} INFO - Processing /opt/airflow/dags/csv_to_postgres.py took 0.849 seconds
[2026-02-09T23:22:37.224+0000] {processor.py:161} INFO - Started process (PID=310) to work on /opt/airflow/dags/csv_to_postgres.py
[2026-02-09T23:22:37.228+0000] {processor.py:830} INFO - Processing file /opt/airflow/dags/csv_to_postgres.py for tasks to queue
[2026-02-09T23:22:37.237+0000] {logging_mixin.py:188} INFO - [2026-02-09T23:22:37.235+0000] {dagbag.py:545} INFO - Filling up the DagBag from /opt/airflow/dags/csv_to_postgres.py
[2026-02-09T23:22:37.888+0000] {processor.py:840} INFO - DAG(s) 'csv_to_postgres_etl' retrieved from /opt/airflow/dags/csv_to_postgres.py
[2026-02-09T23:22:38.006+0000] {logging_mixin.py:188} INFO - [2026-02-09T23:22:38.005+0000] {dag.py:3096} INFO - Sync 1 DAGs
[2026-02-09T23:22:38.064+0000] {logging_mixin.py:188} INFO - [2026-02-09T23:22:38.063+0000] {dag.py:3954} INFO - Setting next_dagrun for csv_to_postgres_etl to None, run_after=None
[2026-02-09T23:22:38.168+0000] {processor.py:183} INFO - Processing /opt/airflow/dags/csv_to_postgres.py took 0.966 seconds
[2026-02-09T23:23:08.757+0000] {processor.py:161} INFO - Started process (PID=316) to work on /opt/airflow/dags/csv_to_postgres.py
[2026-02-09T23:23:08.759+0000] {processor.py:830} INFO - Processing file /opt/airflow/dags/csv_to_postgres.py for tasks to queue
[2026-02-09T23:23:08.763+0000] {logging_mixin.py:188} INFO - [2026-02-09T23:23:08.763+0000] {dagbag.py:545} INFO - Filling up the DagBag from /opt/airflow/dags/csv_to_postgres.py
[2026-02-09T23:23:09.356+0000] {processor.py:840} INFO - DAG(s) 'csv_to_postgres_etl' retrieved from /opt/airflow/dags/csv_to_postgres.py
[2026-02-09T23:23:09.441+0000] {logging_mixin.py:188} INFO - [2026-02-09T23:23:09.440+0000] {dag.py:3096} INFO - Sync 1 DAGs
[2026-02-09T23:23:09.479+0000] {logging_mixin.py:188} INFO - [2026-02-09T23:23:09.479+0000] {dag.py:3954} INFO - Setting next_dagrun for csv_to_postgres_etl to None, run_after=None
[2026-02-09T23:23:09.542+0000] {processor.py:183} INFO - Processing /opt/airflow/dags/csv_to_postgres.py took 0.797 seconds
[2026-02-09T23:23:54.528+0000] {processor.py:161} INFO - Started process (PID=172) to work on /opt/airflow/dags/csv_to_postgres.py
[2026-02-09T23:23:54.530+0000] {processor.py:830} INFO - Processing file /opt/airflow/dags/csv_to_postgres.py for tasks to queue
[2026-02-09T23:23:54.534+0000] {logging_mixin.py:188} INFO - [2026-02-09T23:23:54.534+0000] {dagbag.py:545} INFO - Filling up the DagBag from /opt/airflow/dags/csv_to_postgres.py
[2026-02-09T23:23:55.990+0000] {processor.py:840} INFO - DAG(s) 'csv_to_postgres_etl' retrieved from /opt/airflow/dags/csv_to_postgres.py
[2026-02-09T23:23:56.017+0000] {logging_mixin.py:188} INFO - [2026-02-09T23:23:56.017+0000] {dag.py:3096} INFO - Sync 1 DAGs
[2026-02-09T23:23:56.031+0000] {logging_mixin.py:188} INFO - [2026-02-09T23:23:56.031+0000] {dag.py:3954} INFO - Setting next_dagrun for csv_to_postgres_etl to None, run_after=None
[2026-02-09T23:23:56.058+0000] {processor.py:183} INFO - Processing /opt/airflow/dags/csv_to_postgres.py took 1.549 seconds
[2026-02-09T23:24:26.412+0000] {processor.py:161} INFO - Started process (PID=178) to work on /opt/airflow/dags/csv_to_postgres.py
[2026-02-09T23:24:26.415+0000] {processor.py:830} INFO - Processing file /opt/airflow/dags/csv_to_postgres.py for tasks to queue
[2026-02-09T23:24:26.421+0000] {logging_mixin.py:188} INFO - [2026-02-09T23:24:26.420+0000] {dagbag.py:545} INFO - Filling up the DagBag from /opt/airflow/dags/csv_to_postgres.py
[2026-02-09T23:24:27.227+0000] {processor.py:840} INFO - DAG(s) 'csv_to_postgres_etl' retrieved from /opt/airflow/dags/csv_to_postgres.py
[2026-02-09T23:24:27.616+0000] {logging_mixin.py:188} INFO - [2026-02-09T23:24:27.616+0000] {dag.py:3096} INFO - Sync 1 DAGs
[2026-02-09T23:24:27.639+0000] {logging_mixin.py:188} INFO - [2026-02-09T23:24:27.638+0000] {dag.py:3954} INFO - Setting next_dagrun for csv_to_postgres_etl to None, run_after=None
[2026-02-09T23:24:28.000+0000] {processor.py:183} INFO - Processing /opt/airflow/dags/csv_to_postgres.py took 1.604 seconds
[2026-02-09T23:24:58.315+0000] {processor.py:161} INFO - Started process (PID=184) to work on /opt/airflow/dags/csv_to_postgres.py
[2026-02-09T23:24:58.319+0000] {processor.py:830} INFO - Processing file /opt/airflow/dags/csv_to_postgres.py for tasks to queue
[2026-02-09T23:24:58.325+0000] {logging_mixin.py:188} INFO - [2026-02-09T23:24:58.324+0000] {dagbag.py:545} INFO - Filling up the DagBag from /opt/airflow/dags/csv_to_postgres.py
[2026-02-09T23:24:58.891+0000] {processor.py:840} INFO - DAG(s) 'csv_to_postgres_etl' retrieved from /opt/airflow/dags/csv_to_postgres.py
[2026-02-09T23:24:58.963+0000] {logging_mixin.py:188} INFO - [2026-02-09T23:24:58.963+0000] {dag.py:3096} INFO - Sync 1 DAGs
[2026-02-09T23:24:58.999+0000] {logging_mixin.py:188} INFO - [2026-02-09T23:24:58.999+0000] {dag.py:3954} INFO - Setting next_dagrun for csv_to_postgres_etl to None, run_after=None
[2026-02-09T23:24:59.060+0000] {processor.py:183} INFO - Processing /opt/airflow/dags/csv_to_postgres.py took 0.759 seconds
[2026-02-09T23:25:29.543+0000] {processor.py:161} INFO - Started process (PID=190) to work on /opt/airflow/dags/csv_to_postgres.py
[2026-02-09T23:25:29.547+0000] {processor.py:830} INFO - Processing file /opt/airflow/dags/csv_to_postgres.py for tasks to queue
[2026-02-09T23:25:29.556+0000] {logging_mixin.py:188} INFO - [2026-02-09T23:25:29.555+0000] {dagbag.py:545} INFO - Filling up the DagBag from /opt/airflow/dags/csv_to_postgres.py
[2026-02-09T23:25:30.128+0000] {processor.py:840} INFO - DAG(s) 'csv_to_postgres_etl' retrieved from /opt/airflow/dags/csv_to_postgres.py
[2026-02-09T23:25:30.186+0000] {logging_mixin.py:188} INFO - [2026-02-09T23:25:30.185+0000] {dag.py:3096} INFO - Sync 1 DAGs
[2026-02-09T23:25:30.204+0000] {logging_mixin.py:188} INFO - [2026-02-09T23:25:30.203+0000] {dag.py:3954} INFO - Setting next_dagrun for csv_to_postgres_etl to None, run_after=None
[2026-02-09T23:25:30.242+0000] {processor.py:183} INFO - Processing /opt/airflow/dags/csv_to_postgres.py took 0.716 seconds
[2026-02-09T23:26:00.812+0000] {processor.py:161} INFO - Started process (PID=196) to work on /opt/airflow/dags/csv_to_postgres.py
[2026-02-09T23:26:00.815+0000] {processor.py:830} INFO - Processing file /opt/airflow/dags/csv_to_postgres.py for tasks to queue
[2026-02-09T23:26:00.823+0000] {logging_mixin.py:188} INFO - [2026-02-09T23:26:00.821+0000] {dagbag.py:545} INFO - Filling up the DagBag from /opt/airflow/dags/csv_to_postgres.py
[2026-02-09T23:26:01.409+0000] {processor.py:840} INFO - DAG(s) 'csv_to_postgres_etl' retrieved from /opt/airflow/dags/csv_to_postgres.py
[2026-02-09T23:26:01.445+0000] {logging_mixin.py:188} INFO - [2026-02-09T23:26:01.445+0000] {dag.py:3096} INFO - Sync 1 DAGs
[2026-02-09T23:26:01.465+0000] {logging_mixin.py:188} INFO - [2026-02-09T23:26:01.465+0000] {dag.py:3954} INFO - Setting next_dagrun for csv_to_postgres_etl to None, run_after=None
[2026-02-09T23:26:01.508+0000] {processor.py:183} INFO - Processing /opt/airflow/dags/csv_to_postgres.py took 0.714 seconds
[2026-02-09T23:26:32.163+0000] {processor.py:161} INFO - Started process (PID=202) to work on /opt/airflow/dags/csv_to_postgres.py
[2026-02-09T23:26:32.167+0000] {processor.py:830} INFO - Processing file /opt/airflow/dags/csv_to_postgres.py for tasks to queue
[2026-02-09T23:26:32.186+0000] {logging_mixin.py:188} INFO - [2026-02-09T23:26:32.184+0000] {dagbag.py:545} INFO - Filling up the DagBag from /opt/airflow/dags/csv_to_postgres.py
[2026-02-09T23:26:32.674+0000] {processor.py:840} INFO - DAG(s) 'csv_to_postgres_etl' retrieved from /opt/airflow/dags/csv_to_postgres.py
[2026-02-09T23:26:32.727+0000] {logging_mixin.py:188} INFO - [2026-02-09T23:26:32.726+0000] {dag.py:3096} INFO - Sync 1 DAGs
[2026-02-09T23:26:32.763+0000] {logging_mixin.py:188} INFO - [2026-02-09T23:26:32.763+0000] {dag.py:3954} INFO - Setting next_dagrun for csv_to_postgres_etl to None, run_after=None
[2026-02-09T23:26:32.857+0000] {processor.py:183} INFO - Processing /opt/airflow/dags/csv_to_postgres.py took 0.705 seconds
[2026-02-09T23:27:03.566+0000] {processor.py:161} INFO - Started process (PID=208) to work on /opt/airflow/dags/csv_to_postgres.py
[2026-02-09T23:27:03.568+0000] {processor.py:830} INFO - Processing file /opt/airflow/dags/csv_to_postgres.py for tasks to queue
[2026-02-09T23:27:03.574+0000] {logging_mixin.py:188} INFO - [2026-02-09T23:27:03.573+0000] {dagbag.py:545} INFO - Filling up the DagBag from /opt/airflow/dags/csv_to_postgres.py
[2026-02-09T23:27:04.217+0000] {processor.py:840} INFO - DAG(s) 'csv_to_postgres_etl' retrieved from /opt/airflow/dags/csv_to_postgres.py
[2026-02-09T23:27:04.260+0000] {logging_mixin.py:188} INFO - [2026-02-09T23:27:04.259+0000] {dag.py:3096} INFO - Sync 1 DAGs
[2026-02-09T23:27:04.287+0000] {logging_mixin.py:188} INFO - [2026-02-09T23:27:04.286+0000] {dag.py:3954} INFO - Setting next_dagrun for csv_to_postgres_etl to None, run_after=None
[2026-02-09T23:27:04.341+0000] {processor.py:183} INFO - Processing /opt/airflow/dags/csv_to_postgres.py took 0.788 seconds
[2026-02-09T23:27:35.152+0000] {processor.py:161} INFO - Started process (PID=214) to work on /opt/airflow/dags/csv_to_postgres.py
[2026-02-09T23:27:35.156+0000] {processor.py:830} INFO - Processing file /opt/airflow/dags/csv_to_postgres.py for tasks to queue
[2026-02-09T23:27:35.163+0000] {logging_mixin.py:188} INFO - [2026-02-09T23:27:35.162+0000] {dagbag.py:545} INFO - Filling up the DagBag from /opt/airflow/dags/csv_to_postgres.py
[2026-02-09T23:27:35.626+0000] {processor.py:840} INFO - DAG(s) 'csv_to_postgres_etl' retrieved from /opt/airflow/dags/csv_to_postgres.py
[2026-02-09T23:27:35.690+0000] {logging_mixin.py:188} INFO - [2026-02-09T23:27:35.689+0000] {dag.py:3096} INFO - Sync 1 DAGs
[2026-02-09T23:27:35.717+0000] {logging_mixin.py:188} INFO - [2026-02-09T23:27:35.716+0000] {dag.py:3954} INFO - Setting next_dagrun for csv_to_postgres_etl to None, run_after=None
[2026-02-09T23:27:35.877+0000] {processor.py:183} INFO - Processing /opt/airflow/dags/csv_to_postgres.py took 0.742 seconds
[2026-02-09T23:28:06.375+0000] {processor.py:161} INFO - Started process (PID=220) to work on /opt/airflow/dags/csv_to_postgres.py
[2026-02-09T23:28:06.377+0000] {processor.py:830} INFO - Processing file /opt/airflow/dags/csv_to_postgres.py for tasks to queue
[2026-02-09T23:28:06.382+0000] {logging_mixin.py:188} INFO - [2026-02-09T23:28:06.381+0000] {dagbag.py:545} INFO - Filling up the DagBag from /opt/airflow/dags/csv_to_postgres.py
[2026-02-09T23:28:06.837+0000] {processor.py:840} INFO - DAG(s) 'csv_to_postgres_etl' retrieved from /opt/airflow/dags/csv_to_postgres.py
[2026-02-09T23:28:06.887+0000] {logging_mixin.py:188} INFO - [2026-02-09T23:28:06.887+0000] {dag.py:3096} INFO - Sync 1 DAGs
[2026-02-09T23:28:06.901+0000] {logging_mixin.py:188} INFO - [2026-02-09T23:28:06.901+0000] {dag.py:3954} INFO - Setting next_dagrun for csv_to_postgres_etl to None, run_after=None
[2026-02-09T23:28:06.934+0000] {processor.py:183} INFO - Processing /opt/airflow/dags/csv_to_postgres.py took 0.570 seconds
[2026-02-09T23:28:37.158+0000] {processor.py:161} INFO - Started process (PID=226) to work on /opt/airflow/dags/csv_to_postgres.py
[2026-02-09T23:28:37.161+0000] {processor.py:830} INFO - Processing file /opt/airflow/dags/csv_to_postgres.py for tasks to queue
[2026-02-09T23:28:37.164+0000] {logging_mixin.py:188} INFO - [2026-02-09T23:28:37.164+0000] {dagbag.py:545} INFO - Filling up the DagBag from /opt/airflow/dags/csv_to_postgres.py
[2026-02-09T23:28:37.660+0000] {processor.py:840} INFO - DAG(s) 'csv_to_postgres_etl' retrieved from /opt/airflow/dags/csv_to_postgres.py
[2026-02-09T23:28:37.694+0000] {logging_mixin.py:188} INFO - [2026-02-09T23:28:37.694+0000] {dag.py:3096} INFO - Sync 1 DAGs
[2026-02-09T23:28:37.710+0000] {logging_mixin.py:188} INFO - [2026-02-09T23:28:37.709+0000] {dag.py:3954} INFO - Setting next_dagrun for csv_to_postgres_etl to None, run_after=None
[2026-02-09T23:28:37.736+0000] {processor.py:183} INFO - Processing /opt/airflow/dags/csv_to_postgres.py took 0.590 seconds
[2026-02-09T23:29:07.829+0000] {processor.py:161} INFO - Started process (PID=232) to work on /opt/airflow/dags/csv_to_postgres.py
[2026-02-09T23:29:07.832+0000] {processor.py:830} INFO - Processing file /opt/airflow/dags/csv_to_postgres.py for tasks to queue
[2026-02-09T23:29:07.835+0000] {logging_mixin.py:188} INFO - [2026-02-09T23:29:07.835+0000] {dagbag.py:545} INFO - Filling up the DagBag from /opt/airflow/dags/csv_to_postgres.py
[2026-02-09T23:29:08.241+0000] {processor.py:840} INFO - DAG(s) 'csv_to_postgres_etl' retrieved from /opt/airflow/dags/csv_to_postgres.py
[2026-02-09T23:29:08.291+0000] {logging_mixin.py:188} INFO - [2026-02-09T23:29:08.290+0000] {dag.py:3096} INFO - Sync 1 DAGs
[2026-02-09T23:29:08.306+0000] {logging_mixin.py:188} INFO - [2026-02-09T23:29:08.306+0000] {dag.py:3954} INFO - Setting next_dagrun for csv_to_postgres_etl to None, run_after=None
[2026-02-09T23:29:08.330+0000] {processor.py:183} INFO - Processing /opt/airflow/dags/csv_to_postgres.py took 0.512 seconds
[2026-02-09T23:29:38.710+0000] {processor.py:161} INFO - Started process (PID=238) to work on /opt/airflow/dags/csv_to_postgres.py
[2026-02-09T23:29:38.714+0000] {processor.py:830} INFO - Processing file /opt/airflow/dags/csv_to_postgres.py for tasks to queue
[2026-02-09T23:29:38.720+0000] {logging_mixin.py:188} INFO - [2026-02-09T23:29:38.718+0000] {dagbag.py:545} INFO - Filling up the DagBag from /opt/airflow/dags/csv_to_postgres.py
[2026-02-09T23:29:39.210+0000] {processor.py:840} INFO - DAG(s) 'csv_to_postgres_etl' retrieved from /opt/airflow/dags/csv_to_postgres.py
[2026-02-09T23:29:39.263+0000] {logging_mixin.py:188} INFO - [2026-02-09T23:29:39.263+0000] {dag.py:3096} INFO - Sync 1 DAGs
[2026-02-09T23:29:39.288+0000] {logging_mixin.py:188} INFO - [2026-02-09T23:29:39.288+0000] {dag.py:3954} INFO - Setting next_dagrun for csv_to_postgres_etl to None, run_after=None
[2026-02-09T23:29:39.333+0000] {processor.py:183} INFO - Processing /opt/airflow/dags/csv_to_postgres.py took 0.639 seconds
[2026-02-09T23:30:09.835+0000] {processor.py:161} INFO - Started process (PID=244) to work on /opt/airflow/dags/csv_to_postgres.py
[2026-02-09T23:30:09.838+0000] {processor.py:830} INFO - Processing file /opt/airflow/dags/csv_to_postgres.py for tasks to queue
[2026-02-09T23:30:09.842+0000] {logging_mixin.py:188} INFO - [2026-02-09T23:30:09.842+0000] {dagbag.py:545} INFO - Filling up the DagBag from /opt/airflow/dags/csv_to_postgres.py
[2026-02-09T23:30:10.433+0000] {processor.py:840} INFO - DAG(s) 'csv_to_postgres_etl' retrieved from /opt/airflow/dags/csv_to_postgres.py
[2026-02-09T23:30:10.494+0000] {logging_mixin.py:188} INFO - [2026-02-09T23:30:10.494+0000] {dag.py:3096} INFO - Sync 1 DAGs
[2026-02-09T23:30:10.512+0000] {logging_mixin.py:188} INFO - [2026-02-09T23:30:10.512+0000] {dag.py:3954} INFO - Setting next_dagrun for csv_to_postgres_etl to None, run_after=None
[2026-02-09T23:30:10.537+0000] {processor.py:183} INFO - Processing /opt/airflow/dags/csv_to_postgres.py took 0.716 seconds
[2026-02-09T23:30:41.103+0000] {processor.py:161} INFO - Started process (PID=250) to work on /opt/airflow/dags/csv_to_postgres.py
[2026-02-09T23:30:41.105+0000] {processor.py:830} INFO - Processing file /opt/airflow/dags/csv_to_postgres.py for tasks to queue
[2026-02-09T23:30:41.110+0000] {logging_mixin.py:188} INFO - [2026-02-09T23:30:41.109+0000] {dagbag.py:545} INFO - Filling up the DagBag from /opt/airflow/dags/csv_to_postgres.py
[2026-02-09T23:30:41.608+0000] {processor.py:840} INFO - DAG(s) 'csv_to_postgres_etl' retrieved from /opt/airflow/dags/csv_to_postgres.py
[2026-02-09T23:30:41.653+0000] {logging_mixin.py:188} INFO - [2026-02-09T23:30:41.653+0000] {dag.py:3096} INFO - Sync 1 DAGs
[2026-02-09T23:30:41.671+0000] {logging_mixin.py:188} INFO - [2026-02-09T23:30:41.671+0000] {dag.py:3954} INFO - Setting next_dagrun for csv_to_postgres_etl to None, run_after=None
[2026-02-09T23:30:42.037+0000] {processor.py:183} INFO - Processing /opt/airflow/dags/csv_to_postgres.py took 0.945 seconds
[2026-02-09T23:31:14.222+0000] {processor.py:161} INFO - Started process (PID=172) to work on /opt/airflow/dags/csv_to_postgres.py
[2026-02-09T23:31:14.223+0000] {processor.py:830} INFO - Processing file /opt/airflow/dags/csv_to_postgres.py for tasks to queue
[2026-02-09T23:31:14.225+0000] {logging_mixin.py:188} INFO - [2026-02-09T23:31:14.225+0000] {dagbag.py:545} INFO - Filling up the DagBag from /opt/airflow/dags/csv_to_postgres.py
[2026-02-09T23:31:15.375+0000] {processor.py:840} INFO - DAG(s) 'csv_to_postgres_etl' retrieved from /opt/airflow/dags/csv_to_postgres.py
[2026-02-09T23:31:15.401+0000] {logging_mixin.py:188} INFO - [2026-02-09T23:31:15.400+0000] {dag.py:3096} INFO - Sync 1 DAGs
[2026-02-09T23:31:15.415+0000] {logging_mixin.py:188} INFO - [2026-02-09T23:31:15.415+0000] {dag.py:3954} INFO - Setting next_dagrun for csv_to_postgres_etl to None, run_after=None
[2026-02-09T23:31:15.439+0000] {processor.py:183} INFO - Processing /opt/airflow/dags/csv_to_postgres.py took 1.223 seconds
[2026-02-09T23:31:45.751+0000] {processor.py:161} INFO - Started process (PID=178) to work on /opt/airflow/dags/csv_to_postgres.py
[2026-02-09T23:31:45.753+0000] {processor.py:830} INFO - Processing file /opt/airflow/dags/csv_to_postgres.py for tasks to queue
[2026-02-09T23:31:45.757+0000] {logging_mixin.py:188} INFO - [2026-02-09T23:31:45.756+0000] {dagbag.py:545} INFO - Filling up the DagBag from /opt/airflow/dags/csv_to_postgres.py
[2026-02-09T23:31:46.338+0000] {processor.py:840} INFO - DAG(s) 'csv_to_postgres_etl' retrieved from /opt/airflow/dags/csv_to_postgres.py
[2026-02-09T23:31:46.683+0000] {logging_mixin.py:188} INFO - [2026-02-09T23:31:46.682+0000] {dag.py:3096} INFO - Sync 1 DAGs
[2026-02-09T23:31:46.697+0000] {logging_mixin.py:188} INFO - [2026-02-09T23:31:46.697+0000] {dag.py:3954} INFO - Setting next_dagrun for csv_to_postgres_etl to None, run_after=None
[2026-02-09T23:31:47.071+0000] {processor.py:183} INFO - Processing /opt/airflow/dags/csv_to_postgres.py took 1.332 seconds
[2026-02-09T23:32:17.420+0000] {processor.py:161} INFO - Started process (PID=184) to work on /opt/airflow/dags/csv_to_postgres.py
[2026-02-09T23:32:17.423+0000] {processor.py:830} INFO - Processing file /opt/airflow/dags/csv_to_postgres.py for tasks to queue
[2026-02-09T23:32:17.427+0000] {logging_mixin.py:188} INFO - [2026-02-09T23:32:17.427+0000] {dagbag.py:545} INFO - Filling up the DagBag from /opt/airflow/dags/csv_to_postgres.py
[2026-02-09T23:32:17.801+0000] {processor.py:840} INFO - DAG(s) 'csv_to_postgres_etl' retrieved from /opt/airflow/dags/csv_to_postgres.py
[2026-02-09T23:32:17.837+0000] {logging_mixin.py:188} INFO - [2026-02-09T23:32:17.836+0000] {dag.py:3096} INFO - Sync 1 DAGs
[2026-02-09T23:32:17.853+0000] {logging_mixin.py:188} INFO - [2026-02-09T23:32:17.853+0000] {dag.py:3954} INFO - Setting next_dagrun for csv_to_postgres_etl to None, run_after=None
[2026-02-09T23:32:17.880+0000] {processor.py:183} INFO - Processing /opt/airflow/dags/csv_to_postgres.py took 0.474 seconds
[2026-02-09T23:32:48.279+0000] {processor.py:161} INFO - Started process (PID=190) to work on /opt/airflow/dags/csv_to_postgres.py
[2026-02-09T23:32:48.283+0000] {processor.py:830} INFO - Processing file /opt/airflow/dags/csv_to_postgres.py for tasks to queue
[2026-02-09T23:32:48.288+0000] {logging_mixin.py:188} INFO - [2026-02-09T23:32:48.288+0000] {dagbag.py:545} INFO - Filling up the DagBag from /opt/airflow/dags/csv_to_postgres.py
[2026-02-09T23:32:48.778+0000] {processor.py:840} INFO - DAG(s) 'csv_to_postgres_etl' retrieved from /opt/airflow/dags/csv_to_postgres.py
[2026-02-09T23:32:48.825+0000] {logging_mixin.py:188} INFO - [2026-02-09T23:32:48.824+0000] {dag.py:3096} INFO - Sync 1 DAGs
[2026-02-09T23:32:48.842+0000] {logging_mixin.py:188} INFO - [2026-02-09T23:32:48.842+0000] {dag.py:3954} INFO - Setting next_dagrun for csv_to_postgres_etl to None, run_after=None
[2026-02-09T23:32:48.884+0000] {processor.py:183} INFO - Processing /opt/airflow/dags/csv_to_postgres.py took 0.627 seconds
[2026-02-09T23:33:19.112+0000] {processor.py:161} INFO - Started process (PID=199) to work on /opt/airflow/dags/csv_to_postgres.py
[2026-02-09T23:33:19.115+0000] {processor.py:830} INFO - Processing file /opt/airflow/dags/csv_to_postgres.py for tasks to queue
[2026-02-09T23:33:19.120+0000] {logging_mixin.py:188} INFO - [2026-02-09T23:33:19.119+0000] {dagbag.py:545} INFO - Filling up the DagBag from /opt/airflow/dags/csv_to_postgres.py
[2026-02-09T23:33:19.513+0000] {processor.py:840} INFO - DAG(s) 'csv_to_postgres_etl' retrieved from /opt/airflow/dags/csv_to_postgres.py
[2026-02-09T23:33:19.542+0000] {logging_mixin.py:188} INFO - [2026-02-09T23:33:19.542+0000] {dag.py:3096} INFO - Sync 1 DAGs
[2026-02-09T23:33:19.556+0000] {logging_mixin.py:188} INFO - [2026-02-09T23:33:19.556+0000] {dag.py:3954} INFO - Setting next_dagrun for csv_to_postgres_etl to None, run_after=None
[2026-02-09T23:33:19.579+0000] {processor.py:183} INFO - Processing /opt/airflow/dags/csv_to_postgres.py took 0.483 seconds
[2026-02-09T23:33:50.009+0000] {processor.py:161} INFO - Started process (PID=205) to work on /opt/airflow/dags/csv_to_postgres.py
[2026-02-09T23:33:50.012+0000] {processor.py:830} INFO - Processing file /opt/airflow/dags/csv_to_postgres.py for tasks to queue
[2026-02-09T23:33:50.018+0000] {logging_mixin.py:188} INFO - [2026-02-09T23:33:50.017+0000] {dagbag.py:545} INFO - Filling up the DagBag from /opt/airflow/dags/csv_to_postgres.py
[2026-02-09T23:33:50.521+0000] {processor.py:840} INFO - DAG(s) 'csv_to_postgres_etl' retrieved from /opt/airflow/dags/csv_to_postgres.py
[2026-02-09T23:33:50.572+0000] {logging_mixin.py:188} INFO - [2026-02-09T23:33:50.571+0000] {dag.py:3096} INFO - Sync 1 DAGs
[2026-02-09T23:33:50.617+0000] {logging_mixin.py:188} INFO - [2026-02-09T23:33:50.617+0000] {dag.py:3954} INFO - Setting next_dagrun for csv_to_postgres_etl to None, run_after=None
[2026-02-09T23:33:50.687+0000] {processor.py:183} INFO - Processing /opt/airflow/dags/csv_to_postgres.py took 0.698 seconds
[2026-02-09T23:34:21.086+0000] {processor.py:161} INFO - Started process (PID=211) to work on /opt/airflow/dags/csv_to_postgres.py
[2026-02-09T23:34:21.089+0000] {processor.py:830} INFO - Processing file /opt/airflow/dags/csv_to_postgres.py for tasks to queue
[2026-02-09T23:34:21.096+0000] {logging_mixin.py:188} INFO - [2026-02-09T23:34:21.095+0000] {dagbag.py:545} INFO - Filling up the DagBag from /opt/airflow/dags/csv_to_postgres.py
[2026-02-09T23:34:21.579+0000] {processor.py:840} INFO - DAG(s) 'csv_to_postgres_etl' retrieved from /opt/airflow/dags/csv_to_postgres.py
[2026-02-09T23:34:21.613+0000] {logging_mixin.py:188} INFO - [2026-02-09T23:34:21.612+0000] {dag.py:3096} INFO - Sync 1 DAGs
[2026-02-09T23:34:21.636+0000] {logging_mixin.py:188} INFO - [2026-02-09T23:34:21.635+0000] {dag.py:3954} INFO - Setting next_dagrun for csv_to_postgres_etl to None, run_after=None
[2026-02-09T23:34:21.669+0000] {processor.py:183} INFO - Processing /opt/airflow/dags/csv_to_postgres.py took 0.599 seconds
[2026-02-09T23:34:52.062+0000] {processor.py:161} INFO - Started process (PID=217) to work on /opt/airflow/dags/csv_to_postgres.py
[2026-02-09T23:34:52.064+0000] {processor.py:830} INFO - Processing file /opt/airflow/dags/csv_to_postgres.py for tasks to queue
[2026-02-09T23:34:52.070+0000] {logging_mixin.py:188} INFO - [2026-02-09T23:34:52.069+0000] {dagbag.py:545} INFO - Filling up the DagBag from /opt/airflow/dags/csv_to_postgres.py
[2026-02-09T23:34:52.550+0000] {processor.py:840} INFO - DAG(s) 'csv_to_postgres_etl' retrieved from /opt/airflow/dags/csv_to_postgres.py
[2026-02-09T23:34:52.586+0000] {logging_mixin.py:188} INFO - [2026-02-09T23:34:52.585+0000] {dag.py:3096} INFO - Sync 1 DAGs
[2026-02-09T23:34:52.605+0000] {logging_mixin.py:188} INFO - [2026-02-09T23:34:52.604+0000] {dag.py:3954} INFO - Setting next_dagrun for csv_to_postgres_etl to None, run_after=None
[2026-02-09T23:34:52.645+0000] {processor.py:183} INFO - Processing /opt/airflow/dags/csv_to_postgres.py took 0.596 seconds
[2026-02-09T23:35:22.971+0000] {processor.py:161} INFO - Started process (PID=226) to work on /opt/airflow/dags/csv_to_postgres.py
[2026-02-09T23:35:22.972+0000] {processor.py:830} INFO - Processing file /opt/airflow/dags/csv_to_postgres.py for tasks to queue
[2026-02-09T23:35:22.975+0000] {logging_mixin.py:188} INFO - [2026-02-09T23:35:22.974+0000] {dagbag.py:545} INFO - Filling up the DagBag from /opt/airflow/dags/csv_to_postgres.py
[2026-02-09T23:35:23.377+0000] {processor.py:840} INFO - DAG(s) 'csv_to_postgres_etl' retrieved from /opt/airflow/dags/csv_to_postgres.py
[2026-02-09T23:35:23.444+0000] {logging_mixin.py:188} INFO - [2026-02-09T23:35:23.443+0000] {dag.py:3096} INFO - Sync 1 DAGs
[2026-02-09T23:35:23.473+0000] {logging_mixin.py:188} INFO - [2026-02-09T23:35:23.472+0000] {dag.py:3954} INFO - Setting next_dagrun for csv_to_postgres_etl to None, run_after=None
[2026-02-09T23:35:23.511+0000] {processor.py:183} INFO - Processing /opt/airflow/dags/csv_to_postgres.py took 0.547 seconds
[2026-02-09T23:35:53.914+0000] {processor.py:161} INFO - Started process (PID=232) to work on /opt/airflow/dags/csv_to_postgres.py
[2026-02-09T23:35:53.916+0000] {processor.py:830} INFO - Processing file /opt/airflow/dags/csv_to_postgres.py for tasks to queue
[2026-02-09T23:35:53.922+0000] {logging_mixin.py:188} INFO - [2026-02-09T23:35:53.921+0000] {dagbag.py:545} INFO - Filling up the DagBag from /opt/airflow/dags/csv_to_postgres.py
[2026-02-09T23:35:54.355+0000] {processor.py:840} INFO - DAG(s) 'csv_to_postgres_etl' retrieved from /opt/airflow/dags/csv_to_postgres.py
[2026-02-09T23:35:54.399+0000] {logging_mixin.py:188} INFO - [2026-02-09T23:35:54.399+0000] {dag.py:3096} INFO - Sync 1 DAGs
[2026-02-09T23:35:54.423+0000] {logging_mixin.py:188} INFO - [2026-02-09T23:35:54.422+0000] {dag.py:3954} INFO - Setting next_dagrun for csv_to_postgres_etl to None, run_after=None
[2026-02-09T23:35:54.461+0000] {processor.py:183} INFO - Processing /opt/airflow/dags/csv_to_postgres.py took 0.557 seconds
[2026-02-09T23:36:24.712+0000] {processor.py:161} INFO - Started process (PID=238) to work on /opt/airflow/dags/csv_to_postgres.py
[2026-02-09T23:36:24.715+0000] {processor.py:830} INFO - Processing file /opt/airflow/dags/csv_to_postgres.py for tasks to queue
[2026-02-09T23:36:24.719+0000] {logging_mixin.py:188} INFO - [2026-02-09T23:36:24.718+0000] {dagbag.py:545} INFO - Filling up the DagBag from /opt/airflow/dags/csv_to_postgres.py
[2026-02-09T23:36:25.272+0000] {processor.py:840} INFO - DAG(s) 'csv_to_postgres_etl' retrieved from /opt/airflow/dags/csv_to_postgres.py
[2026-02-09T23:36:25.325+0000] {logging_mixin.py:188} INFO - [2026-02-09T23:36:25.324+0000] {dag.py:3096} INFO - Sync 1 DAGs
[2026-02-09T23:36:25.351+0000] {logging_mixin.py:188} INFO - [2026-02-09T23:36:25.351+0000] {dag.py:3954} INFO - Setting next_dagrun for csv_to_postgres_etl to None, run_after=None
[2026-02-09T23:36:25.388+0000] {processor.py:183} INFO - Processing /opt/airflow/dags/csv_to_postgres.py took 0.688 seconds
[2026-02-09T23:36:55.876+0000] {processor.py:161} INFO - Started process (PID=244) to work on /opt/airflow/dags/csv_to_postgres.py
[2026-02-09T23:36:55.879+0000] {processor.py:830} INFO - Processing file /opt/airflow/dags/csv_to_postgres.py for tasks to queue
[2026-02-09T23:36:55.884+0000] {logging_mixin.py:188} INFO - [2026-02-09T23:36:55.883+0000] {dagbag.py:545} INFO - Filling up the DagBag from /opt/airflow/dags/csv_to_postgres.py
[2026-02-09T23:36:56.326+0000] {processor.py:840} INFO - DAG(s) 'csv_to_postgres_etl' retrieved from /opt/airflow/dags/csv_to_postgres.py
[2026-02-09T23:36:56.363+0000] {logging_mixin.py:188} INFO - [2026-02-09T23:36:56.363+0000] {dag.py:3096} INFO - Sync 1 DAGs
[2026-02-09T23:36:56.381+0000] {logging_mixin.py:188} INFO - [2026-02-09T23:36:56.380+0000] {dag.py:3954} INFO - Setting next_dagrun for csv_to_postgres_etl to None, run_after=None
[2026-02-09T23:36:56.422+0000] {processor.py:183} INFO - Processing /opt/airflow/dags/csv_to_postgres.py took 0.561 seconds
[2026-02-09T23:37:26.555+0000] {processor.py:161} INFO - Started process (PID=250) to work on /opt/airflow/dags/csv_to_postgres.py
[2026-02-09T23:37:26.558+0000] {processor.py:830} INFO - Processing file /opt/airflow/dags/csv_to_postgres.py for tasks to queue
[2026-02-09T23:37:26.561+0000] {logging_mixin.py:188} INFO - [2026-02-09T23:37:26.561+0000] {dagbag.py:545} INFO - Filling up the DagBag from /opt/airflow/dags/csv_to_postgres.py
[2026-02-09T23:37:26.961+0000] {processor.py:840} INFO - DAG(s) 'csv_to_postgres_etl' retrieved from /opt/airflow/dags/csv_to_postgres.py
[2026-02-09T23:37:26.993+0000] {logging_mixin.py:188} INFO - [2026-02-09T23:37:26.992+0000] {dag.py:3096} INFO - Sync 1 DAGs
[2026-02-09T23:37:27.011+0000] {logging_mixin.py:188} INFO - [2026-02-09T23:37:27.010+0000] {dag.py:3954} INFO - Setting next_dagrun for csv_to_postgres_etl to None, run_after=None
[2026-02-09T23:37:27.031+0000] {processor.py:183} INFO - Processing /opt/airflow/dags/csv_to_postgres.py took 0.486 seconds
[2026-02-09T23:37:57.389+0000] {processor.py:161} INFO - Started process (PID=256) to work on /opt/airflow/dags/csv_to_postgres.py
[2026-02-09T23:37:57.392+0000] {processor.py:830} INFO - Processing file /opt/airflow/dags/csv_to_postgres.py for tasks to queue
[2026-02-09T23:37:57.397+0000] {logging_mixin.py:188} INFO - [2026-02-09T23:37:57.396+0000] {dagbag.py:545} INFO - Filling up the DagBag from /opt/airflow/dags/csv_to_postgres.py
[2026-02-09T23:37:57.876+0000] {processor.py:840} INFO - DAG(s) 'csv_to_postgres_etl' retrieved from /opt/airflow/dags/csv_to_postgres.py
[2026-02-09T23:37:57.928+0000] {logging_mixin.py:188} INFO - [2026-02-09T23:37:57.928+0000] {dag.py:3096} INFO - Sync 1 DAGs
[2026-02-09T23:37:57.958+0000] {logging_mixin.py:188} INFO - [2026-02-09T23:37:57.957+0000] {dag.py:3954} INFO - Setting next_dagrun for csv_to_postgres_etl to None, run_after=None
[2026-02-09T23:37:58.221+0000] {processor.py:183} INFO - Processing /opt/airflow/dags/csv_to_postgres.py took 0.843 seconds
[2026-02-09T23:38:28.408+0000] {processor.py:161} INFO - Started process (PID=262) to work on /opt/airflow/dags/csv_to_postgres.py
[2026-02-09T23:38:28.410+0000] {processor.py:830} INFO - Processing file /opt/airflow/dags/csv_to_postgres.py for tasks to queue
[2026-02-09T23:38:28.413+0000] {logging_mixin.py:188} INFO - [2026-02-09T23:38:28.412+0000] {dagbag.py:545} INFO - Filling up the DagBag from /opt/airflow/dags/csv_to_postgres.py
[2026-02-09T23:38:28.800+0000] {processor.py:840} INFO - DAG(s) 'csv_to_postgres_etl' retrieved from /opt/airflow/dags/csv_to_postgres.py
[2026-02-09T23:38:28.841+0000] {logging_mixin.py:188} INFO - [2026-02-09T23:38:28.840+0000] {dag.py:3096} INFO - Sync 1 DAGs
[2026-02-09T23:38:28.859+0000] {logging_mixin.py:188} INFO - [2026-02-09T23:38:28.858+0000] {dag.py:3954} INFO - Setting next_dagrun for csv_to_postgres_etl to None, run_after=None
[2026-02-09T23:38:28.885+0000] {processor.py:183} INFO - Processing /opt/airflow/dags/csv_to_postgres.py took 0.485 seconds
[2026-02-09T23:38:58.982+0000] {processor.py:161} INFO - Started process (PID=268) to work on /opt/airflow/dags/csv_to_postgres.py
[2026-02-09T23:38:58.985+0000] {processor.py:830} INFO - Processing file /opt/airflow/dags/csv_to_postgres.py for tasks to queue
[2026-02-09T23:38:58.989+0000] {logging_mixin.py:188} INFO - [2026-02-09T23:38:58.988+0000] {dagbag.py:545} INFO - Filling up the DagBag from /opt/airflow/dags/csv_to_postgres.py
[2026-02-09T23:38:59.384+0000] {processor.py:840} INFO - DAG(s) 'csv_to_postgres_etl' retrieved from /opt/airflow/dags/csv_to_postgres.py
[2026-02-09T23:38:59.425+0000] {logging_mixin.py:188} INFO - [2026-02-09T23:38:59.424+0000] {dag.py:3096} INFO - Sync 1 DAGs
[2026-02-09T23:38:59.446+0000] {logging_mixin.py:188} INFO - [2026-02-09T23:38:59.445+0000] {dag.py:3954} INFO - Setting next_dagrun for csv_to_postgres_etl to None, run_after=None
[2026-02-09T23:38:59.479+0000] {processor.py:183} INFO - Processing /opt/airflow/dags/csv_to_postgres.py took 0.509 seconds
[2026-02-09T23:39:29.653+0000] {processor.py:161} INFO - Started process (PID=274) to work on /opt/airflow/dags/csv_to_postgres.py
[2026-02-09T23:39:29.656+0000] {processor.py:830} INFO - Processing file /opt/airflow/dags/csv_to_postgres.py for tasks to queue
[2026-02-09T23:39:29.665+0000] {logging_mixin.py:188} INFO - [2026-02-09T23:39:29.663+0000] {dagbag.py:545} INFO - Filling up the DagBag from /opt/airflow/dags/csv_to_postgres.py
[2026-02-09T23:39:30.241+0000] {processor.py:840} INFO - DAG(s) 'csv_to_postgres_etl' retrieved from /opt/airflow/dags/csv_to_postgres.py
[2026-02-09T23:39:30.288+0000] {logging_mixin.py:188} INFO - [2026-02-09T23:39:30.287+0000] {dag.py:3096} INFO - Sync 1 DAGs
[2026-02-09T23:39:30.308+0000] {logging_mixin.py:188} INFO - [2026-02-09T23:39:30.308+0000] {dag.py:3954} INFO - Setting next_dagrun for csv_to_postgres_etl to None, run_after=None
[2026-02-09T23:39:30.348+0000] {processor.py:183} INFO - Processing /opt/airflow/dags/csv_to_postgres.py took 0.713 seconds
[2026-02-09T23:40:00.800+0000] {processor.py:161} INFO - Started process (PID=280) to work on /opt/airflow/dags/csv_to_postgres.py
[2026-02-09T23:40:00.802+0000] {processor.py:830} INFO - Processing file /opt/airflow/dags/csv_to_postgres.py for tasks to queue
[2026-02-09T23:40:00.808+0000] {logging_mixin.py:188} INFO - [2026-02-09T23:40:00.807+0000] {dagbag.py:545} INFO - Filling up the DagBag from /opt/airflow/dags/csv_to_postgres.py
[2026-02-09T23:40:01.508+0000] {processor.py:840} INFO - DAG(s) 'csv_to_postgres_etl' retrieved from /opt/airflow/dags/csv_to_postgres.py
[2026-02-09T23:40:01.558+0000] {logging_mixin.py:188} INFO - [2026-02-09T23:40:01.557+0000] {dag.py:3096} INFO - Sync 1 DAGs
[2026-02-09T23:40:01.581+0000] {logging_mixin.py:188} INFO - [2026-02-09T23:40:01.581+0000] {dag.py:3954} INFO - Setting next_dagrun for csv_to_postgres_etl to None, run_after=None
[2026-02-09T23:40:01.604+0000] {processor.py:183} INFO - Processing /opt/airflow/dags/csv_to_postgres.py took 0.818 seconds
[2026-02-09T23:40:31.988+0000] {processor.py:161} INFO - Started process (PID=286) to work on /opt/airflow/dags/csv_to_postgres.py
[2026-02-09T23:40:31.991+0000] {processor.py:830} INFO - Processing file /opt/airflow/dags/csv_to_postgres.py for tasks to queue
[2026-02-09T23:40:31.996+0000] {logging_mixin.py:188} INFO - [2026-02-09T23:40:31.995+0000] {dagbag.py:545} INFO - Filling up the DagBag from /opt/airflow/dags/csv_to_postgres.py
[2026-02-09T23:40:32.467+0000] {processor.py:840} INFO - DAG(s) 'csv_to_postgres_etl' retrieved from /opt/airflow/dags/csv_to_postgres.py
[2026-02-09T23:40:32.511+0000] {logging_mixin.py:188} INFO - [2026-02-09T23:40:32.511+0000] {dag.py:3096} INFO - Sync 1 DAGs
[2026-02-09T23:40:32.537+0000] {logging_mixin.py:188} INFO - [2026-02-09T23:40:32.537+0000] {dag.py:3954} INFO - Setting next_dagrun for csv_to_postgres_etl to None, run_after=None
[2026-02-09T23:40:32.576+0000] {processor.py:183} INFO - Processing /opt/airflow/dags/csv_to_postgres.py took 0.600 seconds
[2026-02-09T23:41:02.864+0000] {processor.py:161} INFO - Started process (PID=292) to work on /opt/airflow/dags/csv_to_postgres.py
[2026-02-09T23:41:02.868+0000] {processor.py:830} INFO - Processing file /opt/airflow/dags/csv_to_postgres.py for tasks to queue
[2026-02-09T23:41:02.875+0000] {logging_mixin.py:188} INFO - [2026-02-09T23:41:02.874+0000] {dagbag.py:545} INFO - Filling up the DagBag from /opt/airflow/dags/csv_to_postgres.py
[2026-02-09T23:41:03.504+0000] {processor.py:840} INFO - DAG(s) 'csv_to_postgres_etl' retrieved from /opt/airflow/dags/csv_to_postgres.py
[2026-02-09T23:41:03.561+0000] {logging_mixin.py:188} INFO - [2026-02-09T23:41:03.560+0000] {dag.py:3096} INFO - Sync 1 DAGs
[2026-02-09T23:41:03.577+0000] {logging_mixin.py:188} INFO - [2026-02-09T23:41:03.577+0000] {dag.py:3954} INFO - Setting next_dagrun for csv_to_postgres_etl to None, run_after=None
[2026-02-09T23:41:03.828+0000] {processor.py:183} INFO - Processing /opt/airflow/dags/csv_to_postgres.py took 0.980 seconds
[2026-02-09T23:41:34.962+0000] {processor.py:161} INFO - Started process (PID=298) to work on /opt/airflow/dags/csv_to_postgres.py
[2026-02-09T23:41:34.965+0000] {processor.py:830} INFO - Processing file /opt/airflow/dags/csv_to_postgres.py for tasks to queue
[2026-02-09T23:41:34.971+0000] {logging_mixin.py:188} INFO - [2026-02-09T23:41:34.970+0000] {dagbag.py:545} INFO - Filling up the DagBag from /opt/airflow/dags/csv_to_postgres.py
[2026-02-09T23:41:35.462+0000] {processor.py:840} INFO - DAG(s) 'csv_to_postgres_etl' retrieved from /opt/airflow/dags/csv_to_postgres.py
[2026-02-09T23:41:35.502+0000] {logging_mixin.py:188} INFO - [2026-02-09T23:41:35.501+0000] {dag.py:3096} INFO - Sync 1 DAGs
[2026-02-09T23:41:35.525+0000] {logging_mixin.py:188} INFO - [2026-02-09T23:41:35.525+0000] {dag.py:3954} INFO - Setting next_dagrun for csv_to_postgres_etl to None, run_after=None
[2026-02-09T23:41:35.575+0000] {processor.py:183} INFO - Processing /opt/airflow/dags/csv_to_postgres.py took 0.627 seconds
[2026-02-09T23:42:06.091+0000] {processor.py:161} INFO - Started process (PID=304) to work on /opt/airflow/dags/csv_to_postgres.py
[2026-02-09T23:42:06.095+0000] {processor.py:830} INFO - Processing file /opt/airflow/dags/csv_to_postgres.py for tasks to queue
[2026-02-09T23:42:06.102+0000] {logging_mixin.py:188} INFO - [2026-02-09T23:42:06.101+0000] {dagbag.py:545} INFO - Filling up the DagBag from /opt/airflow/dags/csv_to_postgres.py
[2026-02-09T23:42:06.955+0000] {processor.py:840} INFO - DAG(s) 'csv_to_postgres_etl' retrieved from /opt/airflow/dags/csv_to_postgres.py
[2026-02-09T23:42:07.054+0000] {logging_mixin.py:188} INFO - [2026-02-09T23:42:07.054+0000] {dag.py:3096} INFO - Sync 1 DAGs
[2026-02-09T23:42:07.084+0000] {logging_mixin.py:188} INFO - [2026-02-09T23:42:07.084+0000] {dag.py:3954} INFO - Setting next_dagrun for csv_to_postgres_etl to None, run_after=None
[2026-02-09T23:42:07.133+0000] {processor.py:183} INFO - Processing /opt/airflow/dags/csv_to_postgres.py took 1.062 seconds
[2026-02-09T23:42:37.510+0000] {processor.py:161} INFO - Started process (PID=310) to work on /opt/airflow/dags/csv_to_postgres.py
[2026-02-09T23:42:37.513+0000] {processor.py:830} INFO - Processing file /opt/airflow/dags/csv_to_postgres.py for tasks to queue
[2026-02-09T23:42:37.516+0000] {logging_mixin.py:188} INFO - [2026-02-09T23:42:37.516+0000] {dagbag.py:545} INFO - Filling up the DagBag from /opt/airflow/dags/csv_to_postgres.py
[2026-02-09T23:42:38.039+0000] {processor.py:840} INFO - DAG(s) 'csv_to_postgres_etl' retrieved from /opt/airflow/dags/csv_to_postgres.py
[2026-02-09T23:42:38.102+0000] {logging_mixin.py:188} INFO - [2026-02-09T23:42:38.101+0000] {dag.py:3096} INFO - Sync 1 DAGs
[2026-02-09T23:42:38.125+0000] {logging_mixin.py:188} INFO - [2026-02-09T23:42:38.124+0000] {dag.py:3954} INFO - Setting next_dagrun for csv_to_postgres_etl to None, run_after=None
[2026-02-09T23:42:38.164+0000] {processor.py:183} INFO - Processing /opt/airflow/dags/csv_to_postgres.py took 0.663 seconds
[2026-02-09T23:43:08.807+0000] {processor.py:161} INFO - Started process (PID=316) to work on /opt/airflow/dags/csv_to_postgres.py
[2026-02-09T23:43:08.809+0000] {processor.py:830} INFO - Processing file /opt/airflow/dags/csv_to_postgres.py for tasks to queue
[2026-02-09T23:43:08.815+0000] {logging_mixin.py:188} INFO - [2026-02-09T23:43:08.814+0000] {dagbag.py:545} INFO - Filling up the DagBag from /opt/airflow/dags/csv_to_postgres.py
[2026-02-09T23:43:09.209+0000] {processor.py:840} INFO - DAG(s) 'csv_to_postgres_etl' retrieved from /opt/airflow/dags/csv_to_postgres.py
[2026-02-09T23:43:09.246+0000] {logging_mixin.py:188} INFO - [2026-02-09T23:43:09.245+0000] {dag.py:3096} INFO - Sync 1 DAGs
[2026-02-09T23:43:09.261+0000] {logging_mixin.py:188} INFO - [2026-02-09T23:43:09.261+0000] {dag.py:3954} INFO - Setting next_dagrun for csv_to_postgres_etl to None, run_after=None
[2026-02-09T23:43:09.282+0000] {processor.py:183} INFO - Processing /opt/airflow/dags/csv_to_postgres.py took 0.486 seconds
[2026-02-09T23:43:39.439+0000] {processor.py:161} INFO - Started process (PID=322) to work on /opt/airflow/dags/csv_to_postgres.py
[2026-02-09T23:43:39.441+0000] {processor.py:830} INFO - Processing file /opt/airflow/dags/csv_to_postgres.py for tasks to queue
[2026-02-09T23:43:39.446+0000] {logging_mixin.py:188} INFO - [2026-02-09T23:43:39.445+0000] {dagbag.py:545} INFO - Filling up the DagBag from /opt/airflow/dags/csv_to_postgres.py
[2026-02-09T23:43:39.884+0000] {processor.py:840} INFO - DAG(s) 'csv_to_postgres_etl' retrieved from /opt/airflow/dags/csv_to_postgres.py
[2026-02-09T23:43:39.933+0000] {logging_mixin.py:188} INFO - [2026-02-09T23:43:39.932+0000] {dag.py:3096} INFO - Sync 1 DAGs
[2026-02-09T23:43:39.958+0000] {logging_mixin.py:188} INFO - [2026-02-09T23:43:39.957+0000] {dag.py:3954} INFO - Setting next_dagrun for csv_to_postgres_etl to None, run_after=None
[2026-02-09T23:43:40.026+0000] {processor.py:183} INFO - Processing /opt/airflow/dags/csv_to_postgres.py took 0.599 seconds
[2026-02-09T23:44:10.618+0000] {processor.py:161} INFO - Started process (PID=331) to work on /opt/airflow/dags/csv_to_postgres.py
[2026-02-09T23:44:10.623+0000] {processor.py:830} INFO - Processing file /opt/airflow/dags/csv_to_postgres.py for tasks to queue
[2026-02-09T23:44:10.629+0000] {logging_mixin.py:188} INFO - [2026-02-09T23:44:10.628+0000] {dagbag.py:545} INFO - Filling up the DagBag from /opt/airflow/dags/csv_to_postgres.py
[2026-02-09T23:44:11.105+0000] {processor.py:840} INFO - DAG(s) 'csv_to_postgres_etl' retrieved from /opt/airflow/dags/csv_to_postgres.py
[2026-02-09T23:44:11.146+0000] {logging_mixin.py:188} INFO - [2026-02-09T23:44:11.145+0000] {dag.py:3096} INFO - Sync 1 DAGs
[2026-02-09T23:44:11.163+0000] {logging_mixin.py:188} INFO - [2026-02-09T23:44:11.163+0000] {dag.py:3954} INFO - Setting next_dagrun for csv_to_postgres_etl to None, run_after=None
[2026-02-09T23:44:11.407+0000] {processor.py:183} INFO - Processing /opt/airflow/dags/csv_to_postgres.py took 0.800 seconds
[2026-02-09T23:44:41.969+0000] {processor.py:161} INFO - Started process (PID=337) to work on /opt/airflow/dags/csv_to_postgres.py
[2026-02-09T23:44:41.971+0000] {processor.py:830} INFO - Processing file /opt/airflow/dags/csv_to_postgres.py for tasks to queue
[2026-02-09T23:44:41.975+0000] {logging_mixin.py:188} INFO - [2026-02-09T23:44:41.975+0000] {dagbag.py:545} INFO - Filling up the DagBag from /opt/airflow/dags/csv_to_postgres.py
[2026-02-09T23:44:42.694+0000] {processor.py:840} INFO - DAG(s) 'csv_to_postgres_etl' retrieved from /opt/airflow/dags/csv_to_postgres.py
[2026-02-09T23:44:42.751+0000] {logging_mixin.py:188} INFO - [2026-02-09T23:44:42.750+0000] {dag.py:3096} INFO - Sync 1 DAGs
[2026-02-09T23:44:42.973+0000] {logging_mixin.py:188} INFO - [2026-02-09T23:44:42.972+0000] {dag.py:3954} INFO - Setting next_dagrun for csv_to_postgres_etl to None, run_after=None
[2026-02-09T23:44:43.026+0000] {processor.py:183} INFO - Processing /opt/airflow/dags/csv_to_postgres.py took 1.078 seconds
[2026-02-09T23:45:13.555+0000] {processor.py:161} INFO - Started process (PID=346) to work on /opt/airflow/dags/csv_to_postgres.py
[2026-02-09T23:45:13.557+0000] {processor.py:830} INFO - Processing file /opt/airflow/dags/csv_to_postgres.py for tasks to queue
[2026-02-09T23:45:13.562+0000] {logging_mixin.py:188} INFO - [2026-02-09T23:45:13.561+0000] {dagbag.py:545} INFO - Filling up the DagBag from /opt/airflow/dags/csv_to_postgres.py
[2026-02-09T23:45:13.983+0000] {processor.py:840} INFO - DAG(s) 'csv_to_postgres_etl' retrieved from /opt/airflow/dags/csv_to_postgres.py
[2026-02-09T23:45:13.997+0000] {logging_mixin.py:188} INFO - [2026-02-09T23:45:13.996+0000] {dag.py:3096} INFO - Sync 1 DAGs
[2026-02-09T23:45:14.014+0000] {logging_mixin.py:188} INFO - [2026-02-09T23:45:14.013+0000] {dag.py:3954} INFO - Setting next_dagrun for csv_to_postgres_etl to None, run_after=None
[2026-02-09T23:45:14.046+0000] {processor.py:183} INFO - Processing /opt/airflow/dags/csv_to_postgres.py took 0.501 seconds
[2026-02-09T23:45:44.658+0000] {processor.py:161} INFO - Started process (PID=355) to work on /opt/airflow/dags/csv_to_postgres.py
[2026-02-09T23:45:44.661+0000] {processor.py:830} INFO - Processing file /opt/airflow/dags/csv_to_postgres.py for tasks to queue
[2026-02-09T23:45:44.665+0000] {logging_mixin.py:188} INFO - [2026-02-09T23:45:44.664+0000] {dagbag.py:545} INFO - Filling up the DagBag from /opt/airflow/dags/csv_to_postgres.py
[2026-02-09T23:45:45.266+0000] {processor.py:840} INFO - DAG(s) 'csv_to_postgres_etl' retrieved from /opt/airflow/dags/csv_to_postgres.py
[2026-02-09T23:45:45.782+0000] {logging_mixin.py:188} INFO - [2026-02-09T23:45:45.781+0000] {dag.py:3096} INFO - Sync 1 DAGs
[2026-02-09T23:45:45.803+0000] {logging_mixin.py:188} INFO - [2026-02-09T23:45:45.802+0000] {dag.py:3954} INFO - Setting next_dagrun for csv_to_postgres_etl to None, run_after=None
[2026-02-09T23:45:45.852+0000] {processor.py:183} INFO - Processing /opt/airflow/dags/csv_to_postgres.py took 1.205 seconds
[2026-02-09T23:46:15.760+0000] {processor.py:161} INFO - Started process (PID=172) to work on /opt/airflow/dags/csv_to_postgres.py
[2026-02-09T23:46:15.762+0000] {processor.py:830} INFO - Processing file /opt/airflow/dags/csv_to_postgres.py for tasks to queue
[2026-02-09T23:46:15.768+0000] {logging_mixin.py:188} INFO - [2026-02-09T23:46:15.767+0000] {dagbag.py:545} INFO - Filling up the DagBag from /opt/airflow/dags/csv_to_postgres.py
[2026-02-09T23:46:17.039+0000] {processor.py:840} INFO - DAG(s) 'csv_to_postgres_etl' retrieved from /opt/airflow/dags/csv_to_postgres.py
[2026-02-09T23:46:17.094+0000] {logging_mixin.py:188} INFO - [2026-02-09T23:46:17.093+0000] {dag.py:3096} INFO - Sync 1 DAGs
[2026-02-09T23:46:17.120+0000] {logging_mixin.py:188} INFO - [2026-02-09T23:46:17.119+0000] {dag.py:3954} INFO - Setting next_dagrun for csv_to_postgres_etl to None, run_after=None
[2026-02-09T23:46:17.195+0000] {processor.py:183} INFO - Processing /opt/airflow/dags/csv_to_postgres.py took 1.442 seconds
[2026-02-09T23:46:47.573+0000] {processor.py:161} INFO - Started process (PID=178) to work on /opt/airflow/dags/csv_to_postgres.py
[2026-02-09T23:46:47.575+0000] {processor.py:830} INFO - Processing file /opt/airflow/dags/csv_to_postgres.py for tasks to queue
[2026-02-09T23:46:47.579+0000] {logging_mixin.py:188} INFO - [2026-02-09T23:46:47.579+0000] {dagbag.py:545} INFO - Filling up the DagBag from /opt/airflow/dags/csv_to_postgres.py
[2026-02-09T23:46:48.048+0000] {processor.py:840} INFO - DAG(s) 'csv_to_postgres_etl' retrieved from /opt/airflow/dags/csv_to_postgres.py
[2026-02-09T23:46:48.392+0000] {logging_mixin.py:188} INFO - [2026-02-09T23:46:48.392+0000] {dag.py:3096} INFO - Sync 1 DAGs
[2026-02-09T23:46:48.407+0000] {logging_mixin.py:188} INFO - [2026-02-09T23:46:48.407+0000] {dag.py:3954} INFO - Setting next_dagrun for csv_to_postgres_etl to None, run_after=None
[2026-02-09T23:46:48.699+0000] {processor.py:183} INFO - Processing /opt/airflow/dags/csv_to_postgres.py took 1.139 seconds
[2026-02-09T23:47:18.941+0000] {processor.py:161} INFO - Started process (PID=187) to work on /opt/airflow/dags/csv_to_postgres.py
[2026-02-09T23:47:18.944+0000] {processor.py:830} INFO - Processing file /opt/airflow/dags/csv_to_postgres.py for tasks to queue
[2026-02-09T23:47:18.950+0000] {logging_mixin.py:188} INFO - [2026-02-09T23:47:18.949+0000] {dagbag.py:545} INFO - Filling up the DagBag from /opt/airflow/dags/csv_to_postgres.py
[2026-02-09T23:47:19.408+0000] {processor.py:840} INFO - DAG(s) 'csv_to_postgres_etl' retrieved from /opt/airflow/dags/csv_to_postgres.py
[2026-02-09T23:47:19.454+0000] {logging_mixin.py:188} INFO - [2026-02-09T23:47:19.454+0000] {dag.py:3096} INFO - Sync 1 DAGs
[2026-02-09T23:47:19.471+0000] {logging_mixin.py:188} INFO - [2026-02-09T23:47:19.470+0000] {dag.py:3954} INFO - Setting next_dagrun for csv_to_postgres_etl to None, run_after=None
[2026-02-09T23:47:19.501+0000] {processor.py:183} INFO - Processing /opt/airflow/dags/csv_to_postgres.py took 0.581 seconds
[2026-02-09T23:47:49.918+0000] {processor.py:161} INFO - Started process (PID=193) to work on /opt/airflow/dags/csv_to_postgres.py
[2026-02-09T23:47:49.920+0000] {processor.py:830} INFO - Processing file /opt/airflow/dags/csv_to_postgres.py for tasks to queue
[2026-02-09T23:47:49.923+0000] {logging_mixin.py:188} INFO - [2026-02-09T23:47:49.923+0000] {dagbag.py:545} INFO - Filling up the DagBag from /opt/airflow/dags/csv_to_postgres.py
[2026-02-09T23:47:50.524+0000] {processor.py:840} INFO - DAG(s) 'csv_to_postgres_etl' retrieved from /opt/airflow/dags/csv_to_postgres.py
[2026-02-09T23:47:50.637+0000] {logging_mixin.py:188} INFO - [2026-02-09T23:47:50.636+0000] {dag.py:3096} INFO - Sync 1 DAGs
[2026-02-09T23:47:50.683+0000] {logging_mixin.py:188} INFO - [2026-02-09T23:47:50.682+0000] {dag.py:3954} INFO - Setting next_dagrun for csv_to_postgres_etl to None, run_after=None
[2026-02-09T23:47:50.756+0000] {processor.py:183} INFO - Processing /opt/airflow/dags/csv_to_postgres.py took 0.851 seconds
[2026-02-09T23:48:21.114+0000] {processor.py:161} INFO - Started process (PID=199) to work on /opt/airflow/dags/csv_to_postgres.py
[2026-02-09T23:48:21.116+0000] {processor.py:830} INFO - Processing file /opt/airflow/dags/csv_to_postgres.py for tasks to queue
[2026-02-09T23:48:21.119+0000] {logging_mixin.py:188} INFO - [2026-02-09T23:48:21.119+0000] {dagbag.py:545} INFO - Filling up the DagBag from /opt/airflow/dags/csv_to_postgres.py
[2026-02-09T23:48:21.468+0000] {processor.py:840} INFO - DAG(s) 'csv_to_postgres_etl' retrieved from /opt/airflow/dags/csv_to_postgres.py
[2026-02-09T23:48:21.511+0000] {logging_mixin.py:188} INFO - [2026-02-09T23:48:21.511+0000] {dag.py:3096} INFO - Sync 1 DAGs
[2026-02-09T23:48:21.527+0000] {logging_mixin.py:188} INFO - [2026-02-09T23:48:21.527+0000] {dag.py:3954} INFO - Setting next_dagrun for csv_to_postgres_etl to None, run_after=None
[2026-02-09T23:48:21.549+0000] {processor.py:183} INFO - Processing /opt/airflow/dags/csv_to_postgres.py took 0.441 seconds
[2026-02-09T23:48:52.004+0000] {processor.py:161} INFO - Started process (PID=205) to work on /opt/airflow/dags/csv_to_postgres.py
[2026-02-09T23:48:52.081+0000] {processor.py:830} INFO - Processing file /opt/airflow/dags/csv_to_postgres.py for tasks to queue
[2026-02-09T23:48:52.163+0000] {logging_mixin.py:188} INFO - [2026-02-09T23:48:52.161+0000] {dagbag.py:545} INFO - Filling up the DagBag from /opt/airflow/dags/csv_to_postgres.py
[2026-02-09T23:48:52.764+0000] {processor.py:840} INFO - DAG(s) 'csv_to_postgres_etl' retrieved from /opt/airflow/dags/csv_to_postgres.py
[2026-02-09T23:48:52.838+0000] {logging_mixin.py:188} INFO - [2026-02-09T23:48:52.837+0000] {dag.py:3096} INFO - Sync 1 DAGs
[2026-02-09T23:48:52.863+0000] {logging_mixin.py:188} INFO - [2026-02-09T23:48:52.862+0000] {dag.py:3954} INFO - Setting next_dagrun for csv_to_postgres_etl to None, run_after=None
[2026-02-09T23:48:52.915+0000] {processor.py:183} INFO - Processing /opt/airflow/dags/csv_to_postgres.py took 0.925 seconds
[2026-02-09T23:49:23.364+0000] {processor.py:161} INFO - Started process (PID=211) to work on /opt/airflow/dags/csv_to_postgres.py
[2026-02-09T23:49:23.367+0000] {processor.py:830} INFO - Processing file /opt/airflow/dags/csv_to_postgres.py for tasks to queue
[2026-02-09T23:49:23.370+0000] {logging_mixin.py:188} INFO - [2026-02-09T23:49:23.370+0000] {dagbag.py:545} INFO - Filling up the DagBag from /opt/airflow/dags/csv_to_postgres.py
[2026-02-09T23:49:23.785+0000] {processor.py:840} INFO - DAG(s) 'csv_to_postgres_etl' retrieved from /opt/airflow/dags/csv_to_postgres.py
[2026-02-09T23:49:23.832+0000] {logging_mixin.py:188} INFO - [2026-02-09T23:49:23.831+0000] {dag.py:3096} INFO - Sync 1 DAGs
[2026-02-09T23:49:23.847+0000] {logging_mixin.py:188} INFO - [2026-02-09T23:49:23.847+0000] {dag.py:3954} INFO - Setting next_dagrun for csv_to_postgres_etl to None, run_after=None
[2026-02-09T23:49:23.870+0000] {processor.py:183} INFO - Processing /opt/airflow/dags/csv_to_postgres.py took 0.517 seconds
[2026-02-09T23:49:54.101+0000] {processor.py:161} INFO - Started process (PID=220) to work on /opt/airflow/dags/csv_to_postgres.py
[2026-02-09T23:49:54.103+0000] {processor.py:830} INFO - Processing file /opt/airflow/dags/csv_to_postgres.py for tasks to queue
[2026-02-09T23:49:54.110+0000] {logging_mixin.py:188} INFO - [2026-02-09T23:49:54.109+0000] {dagbag.py:545} INFO - Filling up the DagBag from /opt/airflow/dags/csv_to_postgres.py
[2026-02-09T23:49:54.669+0000] {processor.py:840} INFO - DAG(s) 'csv_to_postgres_etl' retrieved from /opt/airflow/dags/csv_to_postgres.py
[2026-02-09T23:49:54.706+0000] {logging_mixin.py:188} INFO - [2026-02-09T23:49:54.705+0000] {dag.py:3096} INFO - Sync 1 DAGs
[2026-02-09T23:49:54.773+0000] {logging_mixin.py:188} INFO - [2026-02-09T23:49:54.773+0000] {dag.py:3954} INFO - Setting next_dagrun for csv_to_postgres_etl to None, run_after=None
[2026-02-09T23:49:54.875+0000] {processor.py:183} INFO - Processing /opt/airflow/dags/csv_to_postgres.py took 0.786 seconds
[2026-02-09T23:50:22.861+0000] {processor.py:161} INFO - Started process (PID=172) to work on /opt/airflow/dags/csv_to_postgres.py
[2026-02-09T23:50:22.863+0000] {processor.py:830} INFO - Processing file /opt/airflow/dags/csv_to_postgres.py for tasks to queue
[2026-02-09T23:50:22.866+0000] {logging_mixin.py:188} INFO - [2026-02-09T23:50:22.865+0000] {dagbag.py:545} INFO - Filling up the DagBag from /opt/airflow/dags/csv_to_postgres.py
[2026-02-09T23:50:23.288+0000] {processor.py:840} INFO - DAG(s) 'csv_to_postgres_etl' retrieved from /opt/airflow/dags/csv_to_postgres.py
[2026-02-09T23:50:23.358+0000] {logging_mixin.py:188} INFO - [2026-02-09T23:50:23.358+0000] {dag.py:3096} INFO - Sync 1 DAGs
[2026-02-09T23:50:23.377+0000] {logging_mixin.py:188} INFO - [2026-02-09T23:50:23.376+0000] {dag.py:3954} INFO - Setting next_dagrun for csv_to_postgres_etl to None, run_after=None
[2026-02-09T23:50:23.435+0000] {processor.py:183} INFO - Processing /opt/airflow/dags/csv_to_postgres.py took 0.581 seconds
[2026-02-09T23:50:54.062+0000] {processor.py:161} INFO - Started process (PID=181) to work on /opt/airflow/dags/csv_to_postgres.py
[2026-02-09T23:50:54.067+0000] {processor.py:830} INFO - Processing file /opt/airflow/dags/csv_to_postgres.py for tasks to queue
[2026-02-09T23:50:54.075+0000] {logging_mixin.py:188} INFO - [2026-02-09T23:50:54.074+0000] {dagbag.py:545} INFO - Filling up the DagBag from /opt/airflow/dags/csv_to_postgres.py
[2026-02-09T23:50:54.467+0000] {processor.py:840} INFO - DAG(s) 'csv_to_postgres_etl' retrieved from /opt/airflow/dags/csv_to_postgres.py
[2026-02-09T23:50:54.501+0000] {logging_mixin.py:188} INFO - [2026-02-09T23:50:54.500+0000] {dag.py:3096} INFO - Sync 1 DAGs
[2026-02-09T23:50:54.514+0000] {logging_mixin.py:188} INFO - [2026-02-09T23:50:54.514+0000] {dag.py:3954} INFO - Setting next_dagrun for csv_to_postgres_etl to None, run_after=None
[2026-02-09T23:50:54.539+0000] {processor.py:183} INFO - Processing /opt/airflow/dags/csv_to_postgres.py took 0.497 seconds
[2026-02-09T23:51:24.783+0000] {processor.py:161} INFO - Started process (PID=187) to work on /opt/airflow/dags/csv_to_postgres.py
[2026-02-09T23:51:24.788+0000] {processor.py:830} INFO - Processing file /opt/airflow/dags/csv_to_postgres.py for tasks to queue
[2026-02-09T23:51:24.798+0000] {logging_mixin.py:188} INFO - [2026-02-09T23:51:24.796+0000] {dagbag.py:545} INFO - Filling up the DagBag from /opt/airflow/dags/csv_to_postgres.py
[2026-02-09T23:51:25.605+0000] {processor.py:840} INFO - DAG(s) 'csv_to_postgres_etl' retrieved from /opt/airflow/dags/csv_to_postgres.py
[2026-02-09T23:51:25.699+0000] {logging_mixin.py:188} INFO - [2026-02-09T23:51:25.698+0000] {dag.py:3096} INFO - Sync 1 DAGs
[2026-02-09T23:51:25.727+0000] {logging_mixin.py:188} INFO - [2026-02-09T23:51:25.727+0000] {dag.py:3954} INFO - Setting next_dagrun for csv_to_postgres_etl to None, run_after=None
[2026-02-09T23:51:25.777+0000] {processor.py:183} INFO - Processing /opt/airflow/dags/csv_to_postgres.py took 1.017 seconds
[2026-02-09T23:51:56.018+0000] {processor.py:161} INFO - Started process (PID=193) to work on /opt/airflow/dags/csv_to_postgres.py
[2026-02-09T23:51:56.020+0000] {processor.py:830} INFO - Processing file /opt/airflow/dags/csv_to_postgres.py for tasks to queue
[2026-02-09T23:51:56.023+0000] {logging_mixin.py:188} INFO - [2026-02-09T23:51:56.022+0000] {dagbag.py:545} INFO - Filling up the DagBag from /opt/airflow/dags/csv_to_postgres.py
[2026-02-09T23:51:56.391+0000] {processor.py:840} INFO - DAG(s) 'csv_to_postgres_etl' retrieved from /opt/airflow/dags/csv_to_postgres.py
[2026-02-09T23:51:56.422+0000] {logging_mixin.py:188} INFO - [2026-02-09T23:51:56.421+0000] {dag.py:3096} INFO - Sync 1 DAGs
[2026-02-09T23:51:56.435+0000] {logging_mixin.py:188} INFO - [2026-02-09T23:51:56.435+0000] {dag.py:3954} INFO - Setting next_dagrun for csv_to_postgres_etl to None, run_after=None
[2026-02-09T23:51:56.457+0000] {processor.py:183} INFO - Processing /opt/airflow/dags/csv_to_postgres.py took 0.445 seconds
[2026-02-09T23:52:26.818+0000] {processor.py:161} INFO - Started process (PID=263) to work on /opt/airflow/dags/csv_to_postgres.py
[2026-02-09T23:52:26.822+0000] {processor.py:830} INFO - Processing file /opt/airflow/dags/csv_to_postgres.py for tasks to queue
[2026-02-09T23:52:26.825+0000] {logging_mixin.py:188} INFO - [2026-02-09T23:52:26.824+0000] {dagbag.py:545} INFO - Filling up the DagBag from /opt/airflow/dags/csv_to_postgres.py
[2026-02-09T23:52:27.415+0000] {processor.py:840} INFO - DAG(s) 'csv_to_postgres_etl' retrieved from /opt/airflow/dags/csv_to_postgres.py
[2026-02-09T23:52:27.458+0000] {logging_mixin.py:188} INFO - [2026-02-09T23:52:27.457+0000] {dag.py:3096} INFO - Sync 1 DAGs
[2026-02-09T23:52:27.486+0000] {logging_mixin.py:188} INFO - [2026-02-09T23:52:27.485+0000] {dag.py:3954} INFO - Setting next_dagrun for csv_to_postgres_etl to None, run_after=None
[2026-02-09T23:52:43.428+0000] {processor.py:161} INFO - Started process (PID=172) to work on /opt/airflow/dags/csv_to_postgres.py
[2026-02-09T23:52:43.429+0000] {processor.py:830} INFO - Processing file /opt/airflow/dags/csv_to_postgres.py for tasks to queue
[2026-02-09T23:52:43.432+0000] {logging_mixin.py:188} INFO - [2026-02-09T23:52:43.431+0000] {dagbag.py:545} INFO - Filling up the DagBag from /opt/airflow/dags/csv_to_postgres.py
[2026-02-09T23:52:43.879+0000] {processor.py:840} INFO - DAG(s) 'csv_to_postgres_etl' retrieved from /opt/airflow/dags/csv_to_postgres.py
[2026-02-09T23:52:44.029+0000] {logging_mixin.py:188} INFO - [2026-02-09T23:52:44.028+0000] {dag.py:3096} INFO - Sync 1 DAGs
[2026-02-09T23:52:44.066+0000] {logging_mixin.py:188} INFO - [2026-02-09T23:52:44.066+0000] {dag.py:3954} INFO - Setting next_dagrun for csv_to_postgres_etl to None, run_after=None
[2026-02-09T23:52:44.116+0000] {processor.py:183} INFO - Processing /opt/airflow/dags/csv_to_postgres.py took 0.694 seconds
[2026-02-09T23:53:14.583+0000] {processor.py:161} INFO - Started process (PID=178) to work on /opt/airflow/dags/csv_to_postgres.py
[2026-02-09T23:53:14.585+0000] {processor.py:830} INFO - Processing file /opt/airflow/dags/csv_to_postgres.py for tasks to queue
[2026-02-09T23:53:14.589+0000] {logging_mixin.py:188} INFO - [2026-02-09T23:53:14.588+0000] {dagbag.py:545} INFO - Filling up the DagBag from /opt/airflow/dags/csv_to_postgres.py
[2026-02-09T23:53:15.007+0000] {processor.py:840} INFO - DAG(s) 'csv_to_postgres_etl' retrieved from /opt/airflow/dags/csv_to_postgres.py
[2026-02-09T23:53:15.045+0000] {logging_mixin.py:188} INFO - [2026-02-09T23:53:15.045+0000] {dag.py:3096} INFO - Sync 1 DAGs
[2026-02-09T23:53:15.067+0000] {logging_mixin.py:188} INFO - [2026-02-09T23:53:15.066+0000] {dag.py:3954} INFO - Setting next_dagrun for csv_to_postgres_etl to None, run_after=None
[2026-02-09T23:53:15.104+0000] {processor.py:183} INFO - Processing /opt/airflow/dags/csv_to_postgres.py took 0.533 seconds
[2026-02-09T23:53:45.628+0000] {processor.py:161} INFO - Started process (PID=184) to work on /opt/airflow/dags/csv_to_postgres.py
[2026-02-09T23:53:45.631+0000] {processor.py:830} INFO - Processing file /opt/airflow/dags/csv_to_postgres.py for tasks to queue
[2026-02-09T23:53:45.638+0000] {logging_mixin.py:188} INFO - [2026-02-09T23:53:45.637+0000] {dagbag.py:545} INFO - Filling up the DagBag from /opt/airflow/dags/csv_to_postgres.py
[2026-02-09T23:53:46.061+0000] {processor.py:840} INFO - DAG(s) 'csv_to_postgres_etl' retrieved from /opt/airflow/dags/csv_to_postgres.py
[2026-02-09T23:53:46.111+0000] {logging_mixin.py:188} INFO - [2026-02-09T23:53:46.111+0000] {dag.py:3096} INFO - Sync 1 DAGs
[2026-02-09T23:53:46.135+0000] {logging_mixin.py:188} INFO - [2026-02-09T23:53:46.135+0000] {dag.py:3954} INFO - Setting next_dagrun for csv_to_postgres_etl to None, run_after=None
[2026-02-09T23:53:46.187+0000] {processor.py:183} INFO - Processing /opt/airflow/dags/csv_to_postgres.py took 0.572 seconds
[2026-02-09T23:54:16.528+0000] {processor.py:161} INFO - Started process (PID=190) to work on /opt/airflow/dags/csv_to_postgres.py
[2026-02-09T23:54:16.529+0000] {processor.py:830} INFO - Processing file /opt/airflow/dags/csv_to_postgres.py for tasks to queue
[2026-02-09T23:54:16.532+0000] {logging_mixin.py:188} INFO - [2026-02-09T23:54:16.532+0000] {dagbag.py:545} INFO - Filling up the DagBag from /opt/airflow/dags/csv_to_postgres.py
[2026-02-09T23:54:16.923+0000] {processor.py:840} INFO - DAG(s) 'csv_to_postgres_etl' retrieved from /opt/airflow/dags/csv_to_postgres.py
[2026-02-09T23:54:16.964+0000] {logging_mixin.py:188} INFO - [2026-02-09T23:54:16.964+0000] {dag.py:3096} INFO - Sync 1 DAGs
[2026-02-09T23:54:16.987+0000] {logging_mixin.py:188} INFO - [2026-02-09T23:54:16.986+0000] {dag.py:3954} INFO - Setting next_dagrun for csv_to_postgres_etl to None, run_after=None
[2026-02-09T23:54:17.030+0000] {processor.py:183} INFO - Processing /opt/airflow/dags/csv_to_postgres.py took 0.509 seconds
[2026-02-09T23:54:47.375+0000] {processor.py:161} INFO - Started process (PID=196) to work on /opt/airflow/dags/csv_to_postgres.py
[2026-02-09T23:54:47.378+0000] {processor.py:830} INFO - Processing file /opt/airflow/dags/csv_to_postgres.py for tasks to queue
[2026-02-09T23:54:47.381+0000] {logging_mixin.py:188} INFO - [2026-02-09T23:54:47.381+0000] {dagbag.py:545} INFO - Filling up the DagBag from /opt/airflow/dags/csv_to_postgres.py
[2026-02-09T23:54:47.720+0000] {processor.py:840} INFO - DAG(s) 'csv_to_postgres_etl' retrieved from /opt/airflow/dags/csv_to_postgres.py
[2026-02-09T23:54:47.757+0000] {logging_mixin.py:188} INFO - [2026-02-09T23:54:47.757+0000] {dag.py:3096} INFO - Sync 1 DAGs
[2026-02-09T23:54:47.775+0000] {logging_mixin.py:188} INFO - [2026-02-09T23:54:47.775+0000] {dag.py:3954} INFO - Setting next_dagrun for csv_to_postgres_etl to None, run_after=None
[2026-02-09T23:54:47.803+0000] {processor.py:183} INFO - Processing /opt/airflow/dags/csv_to_postgres.py took 0.437 seconds
[2026-02-09T23:55:18.242+0000] {processor.py:161} INFO - Started process (PID=202) to work on /opt/airflow/dags/csv_to_postgres.py
[2026-02-09T23:55:18.244+0000] {processor.py:830} INFO - Processing file /opt/airflow/dags/csv_to_postgres.py for tasks to queue
[2026-02-09T23:55:18.247+0000] {logging_mixin.py:188} INFO - [2026-02-09T23:55:18.246+0000] {dagbag.py:545} INFO - Filling up the DagBag from /opt/airflow/dags/csv_to_postgres.py
[2026-02-09T23:55:18.526+0000] {processor.py:840} INFO - DAG(s) 'csv_to_postgres_etl' retrieved from /opt/airflow/dags/csv_to_postgres.py
[2026-02-09T23:55:18.569+0000] {logging_mixin.py:188} INFO - [2026-02-09T23:55:18.569+0000] {dag.py:3096} INFO - Sync 1 DAGs
[2026-02-09T23:55:18.589+0000] {logging_mixin.py:188} INFO - [2026-02-09T23:55:18.589+0000] {dag.py:3954} INFO - Setting next_dagrun for csv_to_postgres_etl to None, run_after=None
[2026-02-09T23:55:18.823+0000] {processor.py:183} INFO - Processing /opt/airflow/dags/csv_to_postgres.py took 0.590 seconds
[2026-02-09T23:55:49.197+0000] {processor.py:161} INFO - Started process (PID=208) to work on /opt/airflow/dags/csv_to_postgres.py
[2026-02-09T23:55:49.198+0000] {processor.py:830} INFO - Processing file /opt/airflow/dags/csv_to_postgres.py for tasks to queue
[2026-02-09T23:55:49.201+0000] {logging_mixin.py:188} INFO - [2026-02-09T23:55:49.201+0000] {dagbag.py:545} INFO - Filling up the DagBag from /opt/airflow/dags/csv_to_postgres.py
[2026-02-09T23:55:49.544+0000] {processor.py:840} INFO - DAG(s) 'csv_to_postgres_etl' retrieved from /opt/airflow/dags/csv_to_postgres.py
[2026-02-09T23:55:49.590+0000] {logging_mixin.py:188} INFO - [2026-02-09T23:55:49.590+0000] {dag.py:3096} INFO - Sync 1 DAGs
[2026-02-09T23:55:49.605+0000] {logging_mixin.py:188} INFO - [2026-02-09T23:55:49.605+0000] {dag.py:3954} INFO - Setting next_dagrun for csv_to_postgres_etl to None, run_after=None
[2026-02-09T23:55:49.635+0000] {processor.py:183} INFO - Processing /opt/airflow/dags/csv_to_postgres.py took 0.448 seconds
[2026-02-09T23:56:20.376+0000] {processor.py:161} INFO - Started process (PID=214) to work on /opt/airflow/dags/csv_to_postgres.py
[2026-02-09T23:56:20.379+0000] {processor.py:830} INFO - Processing file /opt/airflow/dags/csv_to_postgres.py for tasks to queue
[2026-02-09T23:56:20.384+0000] {logging_mixin.py:188} INFO - [2026-02-09T23:56:20.383+0000] {dagbag.py:545} INFO - Filling up the DagBag from /opt/airflow/dags/csv_to_postgres.py
[2026-02-09T23:56:20.936+0000] {processor.py:840} INFO - DAG(s) 'csv_to_postgres_etl' retrieved from /opt/airflow/dags/csv_to_postgres.py
[2026-02-09T23:56:20.977+0000] {logging_mixin.py:188} INFO - [2026-02-09T23:56:20.977+0000] {dag.py:3096} INFO - Sync 1 DAGs
[2026-02-09T23:56:21.002+0000] {logging_mixin.py:188} INFO - [2026-02-09T23:56:21.002+0000] {dag.py:3954} INFO - Setting next_dagrun for csv_to_postgres_etl to None, run_after=None
[2026-02-09T23:56:21.048+0000] {processor.py:183} INFO - Processing /opt/airflow/dags/csv_to_postgres.py took 0.685 seconds
[2026-02-09T23:56:51.430+0000] {processor.py:161} INFO - Started process (PID=220) to work on /opt/airflow/dags/csv_to_postgres.py
[2026-02-09T23:56:51.431+0000] {processor.py:830} INFO - Processing file /opt/airflow/dags/csv_to_postgres.py for tasks to queue
[2026-02-09T23:56:51.434+0000] {logging_mixin.py:188} INFO - [2026-02-09T23:56:51.433+0000] {dagbag.py:545} INFO - Filling up the DagBag from /opt/airflow/dags/csv_to_postgres.py
[2026-02-09T23:56:51.773+0000] {processor.py:840} INFO - DAG(s) 'csv_to_postgres_etl' retrieved from /opt/airflow/dags/csv_to_postgres.py
[2026-02-09T23:56:51.815+0000] {logging_mixin.py:188} INFO - [2026-02-09T23:56:51.814+0000] {dag.py:3096} INFO - Sync 1 DAGs
[2026-02-09T23:56:51.834+0000] {logging_mixin.py:188} INFO - [2026-02-09T23:56:51.833+0000] {dag.py:3954} INFO - Setting next_dagrun for csv_to_postgres_etl to None, run_after=None
[2026-02-09T23:56:51.870+0000] {processor.py:183} INFO - Processing /opt/airflow/dags/csv_to_postgres.py took 0.446 seconds
[2026-02-09T23:57:22.489+0000] {processor.py:161} INFO - Started process (PID=226) to work on /opt/airflow/dags/csv_to_postgres.py
[2026-02-09T23:57:22.490+0000] {processor.py:830} INFO - Processing file /opt/airflow/dags/csv_to_postgres.py for tasks to queue
[2026-02-09T23:57:22.492+0000] {logging_mixin.py:188} INFO - [2026-02-09T23:57:22.492+0000] {dagbag.py:545} INFO - Filling up the DagBag from /opt/airflow/dags/csv_to_postgres.py
[2026-02-09T23:57:22.878+0000] {processor.py:840} INFO - DAG(s) 'csv_to_postgres_etl' retrieved from /opt/airflow/dags/csv_to_postgres.py
[2026-02-09T23:57:22.916+0000] {logging_mixin.py:188} INFO - [2026-02-09T23:57:22.916+0000] {dag.py:3096} INFO - Sync 1 DAGs
[2026-02-09T23:57:22.929+0000] {logging_mixin.py:188} INFO - [2026-02-09T23:57:22.929+0000] {dag.py:3954} INFO - Setting next_dagrun for csv_to_postgres_etl to None, run_after=None
[2026-02-09T23:57:22.949+0000] {processor.py:183} INFO - Processing /opt/airflow/dags/csv_to_postgres.py took 0.467 seconds
[2026-02-09T23:57:53.669+0000] {processor.py:161} INFO - Started process (PID=232) to work on /opt/airflow/dags/csv_to_postgres.py
[2026-02-09T23:57:53.672+0000] {processor.py:830} INFO - Processing file /opt/airflow/dags/csv_to_postgres.py for tasks to queue
[2026-02-09T23:57:53.676+0000] {logging_mixin.py:188} INFO - [2026-02-09T23:57:53.675+0000] {dagbag.py:545} INFO - Filling up the DagBag from /opt/airflow/dags/csv_to_postgres.py
[2026-02-09T23:57:54.375+0000] {processor.py:840} INFO - DAG(s) 'csv_to_postgres_etl' retrieved from /opt/airflow/dags/csv_to_postgres.py
[2026-02-09T23:57:54.410+0000] {logging_mixin.py:188} INFO - [2026-02-09T23:57:54.410+0000] {dag.py:3096} INFO - Sync 1 DAGs
[2026-02-09T23:57:54.424+0000] {logging_mixin.py:188} INFO - [2026-02-09T23:57:54.424+0000] {dag.py:3954} INFO - Setting next_dagrun for csv_to_postgres_etl to None, run_after=None
[2026-02-09T23:57:54.454+0000] {processor.py:183} INFO - Processing /opt/airflow/dags/csv_to_postgres.py took 0.797 seconds
[2026-02-09T23:58:24.854+0000] {processor.py:161} INFO - Started process (PID=238) to work on /opt/airflow/dags/csv_to_postgres.py
[2026-02-09T23:58:24.856+0000] {processor.py:830} INFO - Processing file /opt/airflow/dags/csv_to_postgres.py for tasks to queue
[2026-02-09T23:58:24.862+0000] {logging_mixin.py:188} INFO - [2026-02-09T23:58:24.861+0000] {dagbag.py:545} INFO - Filling up the DagBag from /opt/airflow/dags/csv_to_postgres.py
[2026-02-09T23:58:25.290+0000] {processor.py:840} INFO - DAG(s) 'csv_to_postgres_etl' retrieved from /opt/airflow/dags/csv_to_postgres.py
[2026-02-09T23:58:25.327+0000] {logging_mixin.py:188} INFO - [2026-02-09T23:58:25.327+0000] {dag.py:3096} INFO - Sync 1 DAGs
[2026-02-09T23:58:25.344+0000] {logging_mixin.py:188} INFO - [2026-02-09T23:58:25.343+0000] {dag.py:3954} INFO - Setting next_dagrun for csv_to_postgres_etl to None, run_after=None
[2026-02-09T23:58:25.618+0000] {processor.py:183} INFO - Processing /opt/airflow/dags/csv_to_postgres.py took 0.777 seconds
[2026-02-09T23:58:55.880+0000] {processor.py:161} INFO - Started process (PID=244) to work on /opt/airflow/dags/csv_to_postgres.py
[2026-02-09T23:58:55.881+0000] {processor.py:830} INFO - Processing file /opt/airflow/dags/csv_to_postgres.py for tasks to queue
[2026-02-09T23:58:55.883+0000] {logging_mixin.py:188} INFO - [2026-02-09T23:58:55.883+0000] {dagbag.py:545} INFO - Filling up the DagBag from /opt/airflow/dags/csv_to_postgres.py
[2026-02-09T23:58:56.279+0000] {processor.py:840} INFO - DAG(s) 'csv_to_postgres_etl' retrieved from /opt/airflow/dags/csv_to_postgres.py
[2026-02-09T23:58:56.309+0000] {logging_mixin.py:188} INFO - [2026-02-09T23:58:56.309+0000] {dag.py:3096} INFO - Sync 1 DAGs
[2026-02-09T23:58:56.322+0000] {logging_mixin.py:188} INFO - [2026-02-09T23:58:56.322+0000] {dag.py:3954} INFO - Setting next_dagrun for csv_to_postgres_etl to None, run_after=None
[2026-02-09T23:58:56.341+0000] {processor.py:183} INFO - Processing /opt/airflow/dags/csv_to_postgres.py took 0.469 seconds
[2026-02-09T23:59:26.771+0000] {processor.py:161} INFO - Started process (PID=250) to work on /opt/airflow/dags/csv_to_postgres.py
[2026-02-09T23:59:26.773+0000] {processor.py:830} INFO - Processing file /opt/airflow/dags/csv_to_postgres.py for tasks to queue
[2026-02-09T23:59:26.775+0000] {logging_mixin.py:188} INFO - [2026-02-09T23:59:26.775+0000] {dagbag.py:545} INFO - Filling up the DagBag from /opt/airflow/dags/csv_to_postgres.py
[2026-02-09T23:59:27.102+0000] {processor.py:840} INFO - DAG(s) 'csv_to_postgres_etl' retrieved from /opt/airflow/dags/csv_to_postgres.py
[2026-02-09T23:59:27.138+0000] {logging_mixin.py:188} INFO - [2026-02-09T23:59:27.138+0000] {dag.py:3096} INFO - Sync 1 DAGs
[2026-02-09T23:59:27.151+0000] {logging_mixin.py:188} INFO - [2026-02-09T23:59:27.151+0000] {dag.py:3954} INFO - Setting next_dagrun for csv_to_postgres_etl to None, run_after=None
[2026-02-09T23:59:27.182+0000] {processor.py:183} INFO - Processing /opt/airflow/dags/csv_to_postgres.py took 0.420 seconds
[2026-02-09T23:59:57.695+0000] {processor.py:161} INFO - Started process (PID=256) to work on /opt/airflow/dags/csv_to_postgres.py
[2026-02-09T23:59:57.698+0000] {processor.py:830} INFO - Processing file /opt/airflow/dags/csv_to_postgres.py for tasks to queue
[2026-02-09T23:59:57.703+0000] {logging_mixin.py:188} INFO - [2026-02-09T23:59:57.702+0000] {dagbag.py:545} INFO - Filling up the DagBag from /opt/airflow/dags/csv_to_postgres.py
[2026-02-09T23:59:58.126+0000] {processor.py:840} INFO - DAG(s) 'csv_to_postgres_etl' retrieved from /opt/airflow/dags/csv_to_postgres.py
[2026-02-09T23:59:58.180+0000] {logging_mixin.py:188} INFO - [2026-02-09T23:59:58.180+0000] {dag.py:3096} INFO - Sync 1 DAGs
[2026-02-09T23:59:58.195+0000] {logging_mixin.py:188} INFO - [2026-02-09T23:59:58.195+0000] {dag.py:3954} INFO - Setting next_dagrun for csv_to_postgres_etl to None, run_after=None
[2026-02-09T23:59:58.227+0000] {processor.py:183} INFO - Processing /opt/airflow/dags/csv_to_postgres.py took 0.546 seconds
